{"logTime": "0727/155601", "correlationVector":"ZbTolVu6lF0AXoYFtoOsmt.92","action":"GetUpdates", "result":"DeleteReceived", "context":{"id":"5add91b8-9dc1-48f3-823f-3e7a808b6361", "isDeleted:":"true", "version":"1687370168744"}}
{"logTime": "0727/155601", "correlationVector":"ZbTolVu6lF0AXoYFtoOsmt.93","action":"GetUpdates", "result":"DeleteReceived", "context":{"id":"407692c6-0307-4fbc-8e11-25387ffeb642", "isDeleted:":"true", "version":"1687370168747"}}
{"logTime": "0727/155601", "correlationVector":"ZbTolVu6lF0AXoYFtoOsmt.94","action":"GetUpdates", "result":"DeleteReceived", "context":{"id":"ec85fd7d-3320-4366-81df-5a643cf9108a", "isDeleted:":"true", "version":"1687415154680"}}
{"logTime": "0727/155601", "correlationVector":"ZbTolVu6lF0AXoYFtoOsmt.95","action":"GetUpdates", "result":"DeleteReceived", "context":{"id":"71679339-0377-4e42-9705-58cb049b430f", "isDeleted:":"true", "version":"1687415154682"}}
{"logTime": "0727/155601", "correlationVector":"ZbTolVu6lF0AXoYFtoOsmt.96","action":"GetUpdates", "result":"DeleteReceived", "context":{"id":"9d5a826e-61a2-421e-b0e8-b0af23ece5ff", "isDeleted:":"true", "version":"1687415154683"}}
{"logTime": "0727/155601", "correlationVector":"ZbTolVu6lF0AXoYFtoOsmt.97","action":"GetUpdates", "result":"DeleteReceived", "context":{"id":"6beb1686-6a90-497e-b0a6-de57fc5ff1de", "isDeleted:":"true", "version":"1687584212614"}}
{"logTime": "0727/155601", "correlationVector":"ZbTolVu6lF0AXoYFtoOsmt.98","action":"GetUpdates", "result":"DeleteReceived", "context":{"id":"1ae132d1-cd58-4eb6-901b-78873eaa5185", "isDeleted:":"true", "version":"1687586501391"}}
{"logTime": "0727/155601", "correlationVector":"ZbTolVu6lF0AXoYFtoOsmt.99","action":"GetUpdates", "result":"DeleteReceived", "context":{"id":"5b7f50c9-0dda-41e6-9ce9-787f174d545c", "isDeleted:":"true", "version":"1687587344869"}}
{"logTime": "0727/155601", "correlationVector":"ZbTolVu6lF0AXoYFtoOsmt.100","action":"GetUpdates", "result":"DeleteReceived", "context":{"id":"a31e9be2-7a0e-4d16-8c36-e9d66048183b", "isDeleted:":"true", "version":"1687587344871"}}
{"logTime": "0727/155601", "correlationVector":"ZbTolVu6lF0AXoYFtoOsmt.101","action":"GetUpdates", "result":"DeleteReceived", "context":{"id":"5f7f75ad-5ed8-4928-aff2-c0a9dbff5adc", "isDeleted:":"true", "version":"1687587344872"}}
{"logTime": "0727/155601", "correlationVector":"ZbTolVu6lF0AXoYFtoOsmt.102","action":"GetUpdates", "result":"DeleteReceived", "context":{"id":"4ecbaf45-e260-47ef-8b74-03cc64480112", "isDeleted:":"true", "version":"1687587344873"}}
{"logTime": "0727/155601", "correlationVector":"ZbTolVu6lF0AXoYFtoOsmt.103","action":"GetUpdates", "result":"DeleteReceived", "context":{"id":"d4bf7619-d334-4c73-8a58-ace215e67f00", "isDeleted:":"true", "version":"1687587469545"}}
{"logTime": "0727/155601", "correlationVector":"ZbTolVu6lF0AXoYFtoOsmt.104","action":"GetUpdates", "result":"DeleteReceived", "context":{"id":"0b86e519-964d-4bb9-af16-c45126f8d0bf", "isDeleted:":"true", "version":"1687589472915"}}
{"logTime": "0727/155601", "correlationVector":"ZbTolVu6lF0AXoYFtoOsmt.105","action":"GetUpdates", "result":"DeleteReceived", "context":{"id":"b83919d0-c226-491d-b343-6c4fd72ab392", "isDeleted:":"true", "version":"1687589472917"}}
{"logTime": "0727/155601", "correlationVector":"ZbTolVu6lF0AXoYFtoOsmt.106","action":"GetUpdates", "result":"DeleteReceived", "context":{"id":"0efe361a-8ee6-49fa-9c79-fcf31c06ad86", "isDeleted:":"true", "version":"1687589472918"}}
{"logTime": "0727/155601", "correlationVector":"ZbTolVu6lF0AXoYFtoOsmt.107","action":"GetUpdates", "result":"DeleteReceived", "context":{"id":"8dccdade-4d51-4c24-a003-e22c776e3e82", "isDeleted:":"true", "version":"1687591075644"}}
{"logTime": "0727/155601", "correlationVector":"ZbTolVu6lF0AXoYFtoOsmt.108","action":"GetUpdates", "result":"DeleteReceived", "context":{"id":"e5b9dd05-ed01-47ae-a0ee-62c024398358", "isDeleted:":"true", "version":"1687591360815"}}
{"logTime": "0727/155601", "correlationVector":"ZbTolVu6lF0AXoYFtoOsmt.109","action":"GetUpdates", "result":"DeleteReceived", "context":{"id":"f96e06af-28f3-4b5b-b16d-c1c865571a19", "isDeleted:":"true", "version":"1687591544777"}}
{"logTime": "0727/155601", "correlationVector":"ZbTolVu6lF0AXoYFtoOsmt.110","action":"GetUpdates", "result":"DeleteReceived", "context":{"id":"2961e03c-6419-4985-9828-04748911e492", "isDeleted:":"true", "version":"1687591603900"}}
{"logTime": "0727/155601", "correlationVector":"ZbTolVu6lF0AXoYFtoOsmt.111","action":"GetUpdates", "result":"DeleteReceived", "context":{"id":"e48e2263-3f80-437e-9995-714c4d02cc25", "isDeleted:":"true", "version":"1687591603902"}}
{"logTime": "0727/155601", "correlationVector":"ZbTolVu6lF0AXoYFtoOsmt.112","action":"GetUpdates", "result":"DeleteReceived", "context":{"id":"67411beb-1df8-409e-9d83-eea8c7f7fe70", "isDeleted:":"true", "version":"1687595652590"}}
{"logTime": "0727/155601", "correlationVector":"ZbTolVu6lF0AXoYFtoOsmt.113","action":"GetUpdates", "result":"DeleteReceived", "context":{"id":"54c99d1f-48e2-458f-9430-7d23a41923c4", "isDeleted:":"true", "version":"1687595652592"}}
{"logTime": "0727/155601", "correlationVector":"ZbTolVu6lF0AXoYFtoOsmt.114","action":"GetUpdates", "result":"DeleteReceived", "context":{"id":"6e0c2c79-7bca-46f9-816d-6961f986d927", "isDeleted:":"true", "version":"1687595652593"}}
{"logTime": "0727/155601", "correlationVector":"ZbTolVu6lF0AXoYFtoOsmt.115","action":"GetUpdates", "result":"DeleteReceived", "context":{"id":"4e9d5b01-4df7-4801-ae00-21d0a09ae10c", "isDeleted:":"true", "version":"1687595652594"}}
{"logTime": "0727/155601", "correlationVector":"ZbTolVu6lF0AXoYFtoOsmt.116","action":"GetUpdates", "result":"DeleteReceived", "context":{"id":"bd01c954-2b6b-4f63-a733-2927d55479a9", "isDeleted:":"true", "version":"1687665921518"}}
{"logTime": "0727/155601", "correlationVector":"ZbTolVu6lF0AXoYFtoOsmt.117","action":"GetUpdates", "result":"DeleteReceived", "context":{"id":"267f6821-f621-478e-815b-9e6ee12470f9", "isDeleted:":"true", "version":"1687669409705"}}
{"logTime": "0727/155601", "correlationVector":"ZbTolVu6lF0AXoYFtoOsmt.118","action":"GetUpdates", "result":"DeleteReceived", "context":{"id":"b74e19c3-b618-4b75-aca7-c7ce8a200204", "isDeleted:":"true", "version":"1687669409706"}}
{"logTime": "0727/155601", "correlationVector":"ZbTolVu6lF0AXoYFtoOsmt.119","action":"GetUpdates", "result":"DeleteReceived", "context":{"id":"35a5b01e-90b0-4ec4-b8d0-9af68c86aef6", "isDeleted:":"true", "version":"1687670686080"}}
{"logTime": "0727/155601", "correlationVector":"ZbTolVu6lF0AXoYFtoOsmt.120","action":"GetUpdates", "result":"DeleteReceived", "context":{"id":"de4fc5f7-02df-4177-b584-115984f7bfe9", "isDeleted:":"true", "version":"1687670779429"}}
{"logTime": "0727/155601", "correlationVector":"ZbTolVu6lF0AXoYFtoOsmt.121","action":"GetUpdates", "result":"DeleteReceived", "context":{"id":"485e5c5c-b268-4e3d-9b0a-01370cf8bce7", "isDeleted:":"true", "version":"1687670779430"}}
{"logTime": "0727/155601", "correlationVector":"ZbTolVu6lF0AXoYFtoOsmt.122","action":"GetUpdates", "result":"DeleteReceived", "context":{"id":"5b21ae96-d802-44e2-afb8-8d4704d9efee", "isDeleted:":"true", "version":"1687670779432"}}
{"logTime": "0727/155601", "correlationVector":"ZbTolVu6lF0AXoYFtoOsmt.123","action":"GetUpdates", "result":"DeleteReceived", "context":{"id":"a3ff4b26-7d93-4183-b8a5-ec3c982c5042", "isDeleted:":"true", "version":"1687670779433"}}
{"logTime": "0727/155601", "correlationVector":"ZbTolVu6lF0AXoYFtoOsmt.124","action":"GetUpdates", "result":"DeleteReceived", "context":{"id":"6a111493-b3a9-453c-94d3-b4d7656805f2", "isDeleted:":"true", "version":"1687670779434"}}
{"logTime": "0727/155601", "correlationVector":"ZbTolVu6lF0AXoYFtoOsmt.125","action":"GetUpdates", "result":"DeleteReceived", "context":{"id":"3d035908-744d-4599-bc53-1ead08352a60", "isDeleted:":"true", "version":"1687671691753"}}
{"logTime": "0727/155601", "correlationVector":"ZbTolVu6lF0AXoYFtoOsmt.126","action":"GetUpdates", "result":"DeleteReceived", "context":{"id":"c6a65fbd-4066-43c6-bb7d-6340913c7a55", "isDeleted:":"true", "version":"1687672474145"}}
{"logTime": "0727/155601", "correlationVector":"ZbTolVu6lF0AXoYFtoOsmt.127","action":"GetUpdates", "result":"DeleteReceived", "context":{"id":"0ff24c6c-53fb-49bc-8319-b00320a46b97", "isDeleted:":"true", "version":"1687672474148"}}
{"logTime": "0727/155601", "correlationVector":"ZbTolVu6lF0AXoYFtoOsmt.128","action":"GetUpdates", "result":"DeleteReceived", "context":{"id":"fd44660b-3791-4a79-962d-ea8278112e78", "isDeleted:":"true", "version":"1687672477421"}}
{"logTime": "0727/155601", "correlationVector":"ZbTolVu6lF0AXoYFtoOsmt.129","action":"GetUpdates", "result":"DeleteReceived", "context":{"id":"63ed832c-9b0c-4344-8b03-1561d6028c1d", "isDeleted:":"true", "version":"1687672477422"}}
{"logTime": "0727/155601", "correlationVector":"ZbTolVu6lF0AXoYFtoOsmt.130","action":"GetUpdates", "result":"DeleteReceived", "context":{"id":"b6ad9e8b-9eb4-4e16-bc56-4310cbfb95c9", "isDeleted:":"true", "version":"1687672477423"}}
{"logTime": "0727/155601", "correlationVector":"ZbTolVu6lF0AXoYFtoOsmt.131","action":"GetUpdates", "result":"DeleteReceived", "context":{"id":"66f66b14-2066-4768-ad02-54b397e4ef53", "isDeleted:":"true", "version":"1687672626471"}}
{"logTime": "0727/155601", "correlationVector":"ZbTolVu6lF0AXoYFtoOsmt.132","action":"GetUpdates", "result":"DeleteReceived", "context":{"id":"89511444-f692-4fca-94a7-8ae16cdbbd01", "isDeleted:":"true", "version":"1687929348872"}}
{"logTime": "0727/155601", "correlationVector":"ZbTolVu6lF0AXoYFtoOsmt.133","action":"GetUpdates", "result":"DeleteReceived", "context":{"id":"0cad8cdb-f3a4-4d82-bbf7-45cd1afa25a7", "isDeleted:":"true", "version":"1687929384179"}}
{"logTime": "0727/155601", "correlationVector":"ZbTolVu6lF0AXoYFtoOsmt.134","action":"GetUpdates", "result":"DeleteReceived", "context":{"id":"a2af2eda-8167-45a2-89ec-369c06c7d013", "isDeleted:":"true", "version":"1687929384180"}}
{"logTime": "0727/155601", "correlationVector":"ZbTolVu6lF0AXoYFtoOsmt.135","action":"GetUpdates", "result":"DeleteReceived", "context":{"id":"61ed4ea7-644e-47de-9117-0c48cf69cacd", "isDeleted:":"true", "version":"1687930579052"}}
{"logTime": "0727/155601", "correlationVector":"ZbTolVu6lF0AXoYFtoOsmt.136","action":"GetUpdates", "result":"DeleteReceived", "context":{"id":"61c8c0e9-e766-4d08-9440-88e81e48e694", "isDeleted:":"true", "version":"1687932995389"}}
{"logTime": "0727/155601", "correlationVector":"ZbTolVu6lF0AXoYFtoOsmt.137","action":"GetUpdates", "result":"DeleteReceived", "context":{"id":"5e131f83-26e4-42ef-b9e8-cd559eb74add", "isDeleted:":"true", "version":"1687934581811"}}
{"logTime": "0727/155601", "correlationVector":"ZbTolVu6lF0AXoYFtoOsmt.138","action":"GetUpdates", "result":"DeleteReceived", "context":{"id":"66d640e4-de0f-433d-8250-77721c9cb9dc", "isDeleted:":"true", "version":"1687934581813"}}
{"logTime": "0727/155601", "correlationVector":"ZbTolVu6lF0AXoYFtoOsmt.139","action":"GetUpdates", "result":"DeleteReceived", "context":{"id":"763ffcce-f4b5-46f3-a2cd-c4b50f732b9e", "isDeleted:":"true", "version":"1687934581814"}}
{"logTime": "0727/155601", "correlationVector":"ZbTolVu6lF0AXoYFtoOsmt.140","action":"GetUpdates", "result":"DeleteReceived", "context":{"id":"b0cd42b7-ac3e-4ff8-ba22-884153c07988", "isDeleted:":"true", "version":"1687934581815"}}
{"logTime": "0727/155601", "correlationVector":"ZbTolVu6lF0AXoYFtoOsmt.141","action":"GetUpdates", "result":"DeleteReceived", "context":{"id":"f3b2d281-d4eb-419a-9982-69fb470785fc", "isDeleted:":"true", "version":"1687934803434"}}
{"logTime": "0727/155601", "correlationVector":"ZbTolVu6lF0AXoYFtoOsmt.142","action":"GetUpdates", "result":"DeleteReceived", "context":{"id":"4a39bf0d-de56-45d3-b221-698bab095c92", "isDeleted:":"true", "version":"1687934803437"}}
{"logTime": "0727/155601", "correlationVector":"ZbTolVu6lF0AXoYFtoOsmt.143","action":"GetUpdates", "result":"DeleteReceived", "context":{"id":"86f76c01-9a29-428c-8870-e6c3816427ae", "isDeleted:":"true", "version":"1687935802102"}}
{"logTime": "0727/155601", "correlationVector":"ZbTolVu6lF0AXoYFtoOsmt.144","action":"GetUpdates", "result":"DeleteReceived", "context":{"id":"ba353d7e-faa2-4e99-8b65-ab8b9fee6e7e", "isDeleted:":"true", "version":"1687935802103"}}
{"logTime": "0727/155601", "correlationVector":"ZbTolVu6lF0AXoYFtoOsmt.145","action":"GetUpdates", "result":"DeleteReceived", "context":{"id":"3336f5dd-a14f-4f83-aa0c-e14c2b8941bb", "isDeleted:":"true", "version":"1687953979187"}}
{"logTime": "0727/155601", "correlationVector":"ZbTolVu6lF0AXoYFtoOsmt.146","action":"GetUpdates", "result":"DeleteReceived", "context":{"id":"fef17623-1184-4be2-a837-1f187776f5bf", "isDeleted:":"true", "version":"1687962582167"}}
{"logTime": "0727/155601", "correlationVector":"ZbTolVu6lF0AXoYFtoOsmt.147","action":"GetUpdates", "result":"DeleteReceived", "context":{"id":"f8dcb7ca-62e6-40c9-8c04-f57fa27e99fe", "isDeleted:":"true", "version":"1687962582168"}}
{"logTime": "0727/155601", "correlationVector":"ZbTolVu6lF0AXoYFtoOsmt.148","action":"GetUpdates", "result":"DeleteReceived", "context":{"id":"bea70433-e8f2-4363-be52-50d036b5e8e7", "isDeleted:":"true", "version":"1687966806955"}}
{"logTime": "0727/155601", "correlationVector":"ZbTolVu6lF0AXoYFtoOsmt.149","action":"GetUpdates", "result":"DeleteReceived", "context":{"id":"11586994-25e0-4f9e-a456-5ebc24767afd", "isDeleted:":"true", "version":"1687967242494"}}
{"logTime": "0727/155601", "correlationVector":"ZbTolVu6lF0AXoYFtoOsmt.150","action":"GetUpdates", "result":"DeleteReceived", "context":{"id":"e2736a3a-d368-48d3-978b-ed0e7d42f45e", "isDeleted:":"true", "version":"1687967242496"}}
{"logTime": "0727/155601", "correlationVector":"ZbTolVu6lF0AXoYFtoOsmt.151","action":"GetUpdates", "result":"DeleteReceived", "context":{"id":"3fb6b986-ea21-4253-913a-d5109b53770b", "isDeleted:":"true", "version":"1687967242497"}}
{"logTime": "0727/155601", "correlationVector":"ZbTolVu6lF0AXoYFtoOsmt.152","action":"GetUpdates", "result":"DeleteReceived", "context":{"id":"a8a5b7d1-8a25-4698-b3db-cb06286b19e6", "isDeleted:":"true", "version":"1687967242498"}}
{"logTime": "0727/155601", "correlationVector":"ZbTolVu6lF0AXoYFtoOsmt.153","action":"GetUpdates", "result":"DeleteReceived", "context":{"id":"5524099c-d4a5-4299-a80c-f192afd98004", "isDeleted:":"true", "version":"1687968586264"}}
{"logTime": "0727/155601", "correlationVector":"ZbTolVu6lF0AXoYFtoOsmt.154","action":"GetUpdates", "result":"DeleteReceived", "context":{"id":"87ca2d17-785a-445e-9d54-1e10c8ac907d", "isDeleted:":"true", "version":"1687970985731"}}
{"logTime": "0727/155601", "correlationVector":"ZbTolVu6lF0AXoYFtoOsmt.155","action":"GetUpdates", "result":"DeleteReceived", "context":{"id":"609d8045-7289-4b12-ade6-9bbf450acde3", "isDeleted:":"true", "version":"1687970985734"}}
{"logTime": "0727/155601", "correlationVector":"ZbTolVu6lF0AXoYFtoOsmt.156","action":"GetUpdates", "result":"DeleteReceived", "context":{"id":"1f016818-3cdb-493c-ac86-10bef94af1a1", "isDeleted:":"true", "version":"1687971517602"}}
{"logTime": "0727/155601", "correlationVector":"ZbTolVu6lF0AXoYFtoOsmt.157","action":"GetUpdates", "result":"DeleteReceived", "context":{"id":"09fafa7d-3aec-42fc-b3ae-5f94a722967d", "isDeleted:":"true", "version":"1688021849748"}}
{"logTime": "0727/155601", "correlationVector":"ZbTolVu6lF0AXoYFtoOsmt.158","action":"GetUpdates", "result":"DeleteReceived", "context":{"id":"b0e74b60-df11-485f-8dd2-3c0d9ea5a608", "isDeleted:":"true", "version":"1688021849750"}}
{"logTime": "0727/155601", "correlationVector":"ZbTolVu6lF0AXoYFtoOsmt.159","action":"GetUpdates", "result":"DeleteReceived", "context":{"id":"774a43fa-0f38-477e-a54f-892cc9e3a4fc", "isDeleted:":"true", "version":"1688021849751"}}
{"logTime": "0727/155601", "correlationVector":"ZbTolVu6lF0AXoYFtoOsmt.160","action":"GetUpdates", "result":"DeleteReceived", "context":{"id":"1ae912b9-04e0-42eb-8c58-d310fb06865e", "isDeleted:":"true", "version":"1688021849752"}}
{"logTime": "0727/155601", "correlationVector":"ZbTolVu6lF0AXoYFtoOsmt.161","action":"GetUpdates", "result":"DeleteReceived", "context":{"id":"5bf0dc8e-0ec6-4c5e-bdc2-609ec3aab81d", "isDeleted:":"true", "version":"1688021849753"}}
{"logTime": "0727/155601", "correlationVector":"ZbTolVu6lF0AXoYFtoOsmt.162","action":"GetUpdates", "result":"DeleteReceived", "context":{"id":"de8751ed-3cce-4790-81f2-c8b82f970ce7", "isDeleted:":"true", "version":"1688021996246"}}
{"logTime": "0727/155601", "correlationVector":"ZbTolVu6lF0AXoYFtoOsmt.163","action":"GetUpdates", "result":"DeleteReceived", "context":{"id":"04330054-0219-4057-8f9c-5ad8fea10bfb", "isDeleted:":"true", "version":"1688022884980"}}
{"logTime": "0727/155601", "correlationVector":"ZbTolVu6lF0AXoYFtoOsmt.164","action":"GetUpdates", "result":"DeleteReceived", "context":{"id":"3b943886-93df-43e4-bc24-4128c39f8bef", "isDeleted:":"true", "version":"1688022884982"}}
{"logTime": "0727/155601", "correlationVector":"ZbTolVu6lF0AXoYFtoOsmt.165","action":"GetUpdates", "result":"DeleteReceived", "context":{"id":"46acd391-15f1-47ba-8dc3-7a273f1e8b6e", "isDeleted:":"true", "version":"1688024321803"}}
{"logTime": "0727/155601", "correlationVector":"ZbTolVu6lF0AXoYFtoOsmt.166","action":"GetUpdates", "result":"DeleteReceived", "context":{"id":"a2c96ee3-96fc-43bf-b480-2957aec63b2f", "isDeleted:":"true", "version":"1688025023531"}}
{"logTime": "0727/155601", "correlationVector":"ZbTolVu6lF0AXoYFtoOsmt.167","action":"GetUpdates", "result":"DeleteReceived", "context":{"id":"e53fceff-66bb-42e0-a0f8-45ca1ac2c143", "isDeleted:":"true", "version":"1688029403428"}}
{"logTime": "0727/155601", "correlationVector":"ZbTolVu6lF0AXoYFtoOsmt.168","action":"GetUpdates", "result":"DeleteReceived", "context":{"id":"ebb18fd6-057c-4d3e-ad07-75bfea5b2f24", "isDeleted:":"true", "version":"1688030182436"}}
{"logTime": "0727/155601", "correlationVector":"ZbTolVu6lF0AXoYFtoOsmt.169","action":"GetUpdates", "result":"DeleteReceived", "context":{"id":"84e87fda-70ff-4a91-9c5f-ff8299acb6b5", "isDeleted:":"true", "version":"1688050901616"}}
{"logTime": "0727/155601", "correlationVector":"ZbTolVu6lF0AXoYFtoOsmt.170","action":"GetUpdates", "result":"DeleteReceived", "context":{"id":"395687e5-0c40-4338-97de-f94f25585faa", "isDeleted:":"true", "version":"1688050901619"}}
{"logTime": "0727/155601", "correlationVector":"ZbTolVu6lF0AXoYFtoOsmt.171","action":"GetUpdates", "result":"DeleteReceived", "context":{"id":"9a27192f-8bc6-4608-abf5-0bc05f00e461", "isDeleted:":"true", "version":"1688050901620"}}
{"logTime": "0727/155601", "correlationVector":"ZbTolVu6lF0AXoYFtoOsmt.172","action":"GetUpdates", "result":"DeleteReceived", "context":{"id":"4dfdcec5-e5ca-4e3c-9fd1-c70f6dd730e9", "isDeleted:":"true", "version":"1688050901621"}}
{"logTime": "0727/155601", "correlationVector":"ZbTolVu6lF0AXoYFtoOsmt.173","action":"GetUpdates", "result":"DeleteReceived", "context":{"id":"e35247ec-4ddc-422b-93ab-4fd5568826d3", "isDeleted:":"true", "version":"1688052407296"}}
{"logTime": "0727/155601", "correlationVector":"ZbTolVu6lF0AXoYFtoOsmt.174","action":"GetUpdates", "result":"DeleteReceived", "context":{"id":"394d37bd-961d-4159-a730-c3120cad1aa4", "isDeleted:":"true", "version":"1688128423198"}}
{"logTime": "0727/155601", "correlationVector":"ZbTolVu6lF0AXoYFtoOsmt.175","action":"GetUpdates", "result":"DeleteReceived", "context":{"id":"08373222-1af3-432b-90fe-dfa3d11adc71", "isDeleted:":"true", "version":"1688128423200"}}
{"logTime": "0727/155601", "correlationVector":"ZbTolVu6lF0AXoYFtoOsmt.176","action":"GetUpdates", "result":"DeleteReceived", "context":{"id":"b1615996-81ae-43fb-8030-f72cc4958e86", "isDeleted:":"true", "version":"1688128423201"}}
{"logTime": "0727/155601", "correlationVector":"ZbTolVu6lF0AXoYFtoOsmt.177","action":"GetUpdates", "result":"DeleteReceived", "context":{"id":"4208ed9f-03bd-4f88-afae-5b2e6dccd4ed", "isDeleted:":"true", "version":"1688129773971"}}
{"logTime": "0727/155601", "correlationVector":"ZbTolVu6lF0AXoYFtoOsmt.178","action":"GetUpdates", "result":"DeleteReceived", "context":{"id":"91cd61f2-8cb8-4d31-a9ba-052f8c495321", "isDeleted:":"true", "version":"1688129773973"}}
{"logTime": "0727/155601", "correlationVector":"ZbTolVu6lF0AXoYFtoOsmt.179","action":"GetUpdates", "result":"DeleteReceived", "context":{"id":"08d5acf9-f140-4881-83ca-89d90d59b83f", "isDeleted:":"true", "version":"1688129803500"}}
{"logTime": "0727/155601", "correlationVector":"ZbTolVu6lF0AXoYFtoOsmt.180","action":"GetUpdates", "result":"DeleteReceived", "context":{"id":"d9e0c2bc-5d14-481f-827f-249c579e370b", "isDeleted:":"true", "version":"1688130827227"}}
{"logTime": "0727/155601", "correlationVector":"ZbTolVu6lF0AXoYFtoOsmt.181","action":"GetUpdates", "result":"DeleteReceived", "context":{"id":"c823989e-fb47-4c0b-857c-3c9d6631224b", "isDeleted:":"true", "version":"1688131916895"}}
{"logTime": "0727/155601", "correlationVector":"ZbTolVu6lF0AXoYFtoOsmt.182","action":"GetUpdates", "result":"DeleteReceived", "context":{"id":"98089386-9ecb-4974-a1f3-0e4e4c5808a0", "isDeleted:":"true", "version":"1688131916897"}}
{"logTime": "0727/155601", "correlationVector":"ZbTolVu6lF0AXoYFtoOsmt.183","action":"GetUpdates", "result":"DeleteReceived", "context":{"id":"f715506a-bbb7-4c2f-8bd4-b7fbe5242e8a", "isDeleted:":"true", "version":"1688131916900"}}
{"logTime": "0727/155601", "correlationVector":"ZbTolVu6lF0AXoYFtoOsmt.184","action":"GetUpdates", "result":"DeleteReceived", "context":{"id":"1d4dd617-510d-4e23-a1dc-e60f0f98da92", "isDeleted:":"true", "version":"1688131990158"}}
{"logTime": "0727/155601", "correlationVector":"ZbTolVu6lF0AXoYFtoOsmt.185","action":"GetUpdates", "result":"DeleteReceived", "context":{"id":"572c08cd-ecde-4dd9-9785-b441befedf11", "isDeleted:":"true", "version":"1688132459958"}}
{"logTime": "0727/155601", "correlationVector":"ZbTolVu6lF0AXoYFtoOsmt.186","action":"GetUpdates", "result":"DeleteReceived", "context":{"id":"bcbf6a50-bc9b-4402-aa39-bc4f0e7e4d40", "isDeleted:":"true", "version":"1688132459959"}}
{"logTime": "0727/155601", "correlationVector":"ZbTolVu6lF0AXoYFtoOsmt.187","action":"GetUpdates", "result":"DeleteReceived", "context":{"id":"5d30c541-b841-41b2-a513-0e48674b900f", "isDeleted:":"true", "version":"1688132546491"}}
{"logTime": "0727/155601", "correlationVector":"ZbTolVu6lF0AXoYFtoOsmt.188","action":"GetUpdates", "result":"DeleteReceived", "context":{"id":"0322addf-5907-4ab7-b8e6-bbd984e4d931", "isDeleted:":"true", "version":"1688132546494"}}
{"logTime": "0727/155601", "correlationVector":"ZbTolVu6lF0AXoYFtoOsmt.189","action":"GetUpdates", "result":"DeleteReceived", "context":{"id":"92a0c70a-af87-4729-8dec-56d1f068deb2", "isDeleted:":"true", "version":"1688133871090"}}
{"logTime": "0727/155601", "correlationVector":"ZbTolVu6lF0AXoYFtoOsmt.190","action":"GetUpdates", "result":"DeleteReceived", "context":{"id":"f8a9b907-d2b8-4739-965b-504cb484fff9", "isDeleted:":"true", "version":"1688488830405"}}
{"logTime": "0727/155601", "correlationVector":"ZbTolVu6lF0AXoYFtoOsmt.191","action":"GetUpdates", "result":"DeleteReceived", "context":{"id":"a89f48ca-e509-44b7-8ce0-0c26fad2f075", "isDeleted:":"true", "version":"1688488830406"}}
{"logTime": "0727/155601", "correlationVector":"ZbTolVu6lF0AXoYFtoOsmt.192","action":"GetUpdates", "result":"DeleteReceived", "context":{"id":"16b99a2e-4a00-420b-9e42-1ed274f98d1a", "isDeleted:":"true", "version":"1688488830408"}}
{"logTime": "0727/155601", "correlationVector":"ZbTolVu6lF0AXoYFtoOsmt.193","action":"GetUpdates", "result":"DeleteReceived", "context":{"id":"7e17f9ae-0b47-4e30-abb4-57f54d075c47", "isDeleted:":"true", "version":"1688488830409"}}
{"logTime": "0727/155601", "correlationVector":"ZbTolVu6lF0AXoYFtoOsmt.194","action":"GetUpdates", "result":"DeleteReceived", "context":{"id":"78ef0ec1-ea6d-4d56-a3a6-23b1dc9a65f8", "isDeleted:":"true", "version":"1688488830410"}}
{"logTime": "0727/155601", "correlationVector":"ZbTolVu6lF0AXoYFtoOsmt.195","action":"GetUpdates", "result":"DeleteReceived", "context":{"id":"7e0132e3-9cad-46cc-b315-0889a5b152d1", "isDeleted:":"true", "version":"1688488830411"}}
{"logTime": "0727/155601", "correlationVector":"ZbTolVu6lF0AXoYFtoOsmt.196","action":"GetUpdates", "result":"DeleteReceived", "context":{"id":"5646783b-7095-48f8-b0f2-a4f0a98d17d2", "isDeleted:":"true", "version":"1688488830412"}}
{"logTime": "0727/155601", "correlationVector":"ZbTolVu6lF0AXoYFtoOsmt.197","action":"GetUpdates", "result":"DeleteReceived", "context":{"id":"620642bb-59c5-428b-a7e5-5a283831f823", "isDeleted:":"true", "version":"1688489707266"}}
{"logTime": "0727/155601", "correlationVector":"ZbTolVu6lF0AXoYFtoOsmt.198","action":"GetUpdates", "result":"DeleteReceived", "context":{"id":"8ac14a81-f989-424b-b299-b4f68cfd4125", "isDeleted:":"true", "version":"1688495195390"}}
{"logTime": "0727/155601", "correlationVector":"ZbTolVu6lF0AXoYFtoOsmt.199","action":"GetUpdates", "result":"DeleteReceived", "context":{"id":"bf7c0f0c-ce7f-4393-a60b-45adec525ca0", "isDeleted:":"true", "version":"1688534915106"}}
{"logTime": "0727/155601", "correlationVector":"ZbTolVu6lF0AXoYFtoOsmt.200","action":"GetUpdates", "result":"DeleteReceived", "context":{"id":"e7f9f504-bb30-42a3-9b5f-17f665b7b459", "isDeleted:":"true", "version":"1688534915108"}}
{"logTime": "0727/155601", "correlationVector":"ZbTolVu6lF0AXoYFtoOsmt.201","action":"GetUpdates", "result":"DeleteReceived", "context":{"id":"ab39a0ac-7b4c-441c-b566-71869f0ec1c4", "isDeleted:":"true", "version":"1688534915109"}}
{"logTime": "0727/155601", "correlationVector":"ZbTolVu6lF0AXoYFtoOsmt.202","action":"GetUpdates", "result":"DeleteReceived", "context":{"id":"0c178733-6f93-46a8-8e80-6e28d227b49f", "isDeleted:":"true", "version":"1688534915110"}}
{"logTime": "0727/155601", "correlationVector":"ZbTolVu6lF0AXoYFtoOsmt.203","action":"GetUpdates", "result":"DeleteReceived", "context":{"id":"fe4c55f0-71db-40cb-95ce-18f2ca0923bb", "isDeleted:":"true", "version":"1688536418002"}}
{"logTime": "0727/155601", "correlationVector":"ZbTolVu6lF0AXoYFtoOsmt.204","action":"GetUpdates", "result":"DeleteReceived", "context":{"id":"fc4ff280-8857-4917-8ac7-fbbb7ba3df19", "isDeleted:":"true", "version":"1688538480462"}}
{"logTime": "0727/155601", "correlationVector":"ZbTolVu6lF0AXoYFtoOsmt.205","action":"GetUpdates", "result":"DeleteReceived", "context":{"id":"a285ae9d-42eb-4df4-b8e4-4a19362aeb83", "isDeleted:":"true", "version":"1688538480463"}}
{"logTime": "0727/155601", "correlationVector":"ZbTolVu6lF0AXoYFtoOsmt.206","action":"GetUpdates", "result":"DeleteReceived", "context":{"id":"57f627a8-76ff-4c26-ae61-a1fc8eb79699", "isDeleted:":"true", "version":"1688539361916"}}
{"logTime": "0727/155601", "correlationVector":"ZbTolVu6lF0AXoYFtoOsmt.207","action":"GetUpdates", "result":"DeleteReceived", "context":{"id":"182150ec-05b9-4fdc-ba24-cdb9685c6e26", "isDeleted:":"true", "version":"1688539361917"}}
{"logTime": "0727/155601", "correlationVector":"ZbTolVu6lF0AXoYFtoOsmt.208","action":"GetUpdates", "result":"DeleteReceived", "context":{"id":"481c10b3-627b-4806-a33b-082f0448290f", "isDeleted:":"true", "version":"1688559829590"}}
{"logTime": "0727/155601", "correlationVector":"ZbTolVu6lF0AXoYFtoOsmt.209","action":"GetUpdates", "result":"DeleteReceived", "context":{"id":"9d696772-3925-4ba6-8fa7-0bed71f7e659", "isDeleted:":"true", "version":"1688570673610"}}
{"logTime": "0727/155601", "correlationVector":"ZbTolVu6lF0AXoYFtoOsmt.210","action":"GetUpdates", "result":"DeleteReceived", "context":{"id":"e23d8bcc-a859-462c-bc51-59295ed490ea", "isDeleted:":"true", "version":"1688575431268"}}
{"logTime": "0727/155601", "correlationVector":"ZbTolVu6lF0AXoYFtoOsmt.211","action":"GetUpdates", "result":"DeleteReceived", "context":{"id":"a449411f-5926-4ea2-85e9-093f5112d6e3", "isDeleted:":"true", "version":"1688575431269"}}
{"logTime": "0727/155601", "correlationVector":"ZbTolVu6lF0AXoYFtoOsmt.212","action":"GetUpdates", "result":"DeleteReceived", "context":{"id":"1d214d89-5677-4d3f-ae40-bbb5dcb758ad", "isDeleted:":"true", "version":"1688577059753"}}
{"logTime": "0727/155601", "correlationVector":"ZbTolVu6lF0AXoYFtoOsmt.213","action":"GetUpdates", "result":"DeleteReceived", "context":{"id":"d106709c-8c9c-4262-bfd8-d179b805f8d5", "isDeleted:":"true", "version":"1688577859471"}}
{"logTime": "0727/155601", "correlationVector":"ZbTolVu6lF0AXoYFtoOsmt.214","action":"GetUpdates", "result":"DeleteReceived", "context":{"id":"a15b7c00-7116-4d8e-95b7-cace5f550fb1", "isDeleted:":"true", "version":"1688581609675"}}
{"logTime": "0727/155601", "correlationVector":"ZbTolVu6lF0AXoYFtoOsmt.215","action":"GetUpdates", "result":"DeleteReceived", "context":{"id":"74e615be-069d-43e1-b4ae-0a0fa4bc2f8e", "isDeleted:":"true", "version":"1688587233211"}}
{"logTime": "0727/155601", "correlationVector":"ZbTolVu6lF0AXoYFtoOsmt.216","action":"GetUpdates", "result":"DeleteReceived", "context":{"id":"27fcaace-847b-442a-a7fc-680b8c12ecb5", "isDeleted:":"true", "version":"1688587233213"}}
{"logTime": "0727/155601", "correlationVector":"ZbTolVu6lF0AXoYFtoOsmt.217","action":"GetUpdates", "result":"DeleteReceived", "context":{"id":"167bfd5a-f2eb-471e-9573-2b9667558182", "isDeleted:":"true", "version":"1688587233215"}}
{"logTime": "0727/155602", "correlationVector":"ZbTolVu6lF0AXoYFtoOsmt.218","action":"GetUpdates", "result":"DeleteReceived", "context":{"id":"e7ece392-f0a4-4790-9e2e-12ec698699a3", "isDeleted:":"true", "version":"1688587233216"}}
{"logTime": "0727/155602", "correlationVector":"ZbTolVu6lF0AXoYFtoOsmt.219","action":"GetUpdates", "result":"DeleteReceived", "context":{"id":"15a97874-eefa-4073-b968-d45cdd7a481d", "isDeleted:":"true", "version":"1688587233217"}}
{"logTime": "0727/155602", "correlationVector":"ZbTolVu6lF0AXoYFtoOsmt.220","action":"GetUpdates", "result":"DeleteReceived", "context":{"id":"da924227-8d94-4236-832e-d1603dac705c", "isDeleted:":"true", "version":"1688618246011"}}
{"logTime": "0727/155602", "correlationVector":"ZbTolVu6lF0AXoYFtoOsmt.221","action":"GetUpdates", "result":"DeleteReceived", "context":{"id":"abc729d8-37f8-442f-ac10-d9e368c613df", "isDeleted:":"true", "version":"1688621241030"}}
{"logTime": "0727/155602", "correlationVector":"ZbTolVu6lF0AXoYFtoOsmt.222","action":"GetUpdates", "result":"DeleteReceived", "context":{"id":"1eaefe4f-9904-41c3-b0b7-9a25b9017a0f", "isDeleted:":"true", "version":"1688621241031"}}
{"logTime": "0727/155602", "correlationVector":"ZbTolVu6lF0AXoYFtoOsmt.223","action":"GetUpdates", "result":"DeleteReceived", "context":{"id":"213b2cf7-f91d-4829-80c9-c184d7a39f82", "isDeleted:":"true", "version":"1688661931568"}}
{"logTime": "0727/155602", "correlationVector":"ZbTolVu6lF0AXoYFtoOsmt.224","action":"GetUpdates", "result":"DeleteReceived", "context":{"id":"86d9d689-7867-48dc-b189-c8cf4e45fe55", "isDeleted:":"true", "version":"1688665910629"}}
{"logTime": "0727/155602", "correlationVector":"ZbTolVu6lF0AXoYFtoOsmt.225","action":"GetUpdates", "result":"DeleteReceived", "context":{"id":"c5aaf734-ff50-4077-93f9-becedd73cb3e", "isDeleted:":"true", "version":"1688706802388"}}
{"logTime": "0727/155602", "correlationVector":"ZbTolVu6lF0AXoYFtoOsmt.226","action":"GetUpdates", "result":"DeleteReceived", "context":{"id":"9b717ab5-635d-429f-a2e3-abfe04c7cdf4", "isDeleted:":"true", "version":"1688706802390"}}
{"logTime": "0727/155602", "correlationVector":"ZbTolVu6lF0AXoYFtoOsmt.227","action":"GetUpdates", "result":"DeleteReceived", "context":{"id":"fb06efae-93ce-43bd-a5b4-767d96ff539b", "isDeleted:":"true", "version":"1688706802391"}}
{"logTime": "0727/155602", "correlationVector":"ZbTolVu6lF0AXoYFtoOsmt.228","action":"GetUpdates", "result":"DeleteReceived", "context":{"id":"0d46d3b9-e774-40ab-b46d-0028592817f9", "isDeleted:":"true", "version":"1688706802392"}}
{"logTime": "0727/155602", "correlationVector":"ZbTolVu6lF0AXoYFtoOsmt.229","action":"GetUpdates", "result":"DeleteReceived", "context":{"id":"a6c899dc-7b20-407b-9399-3c5a20341cf5", "isDeleted:":"true", "version":"1688708485299"}}
{"logTime": "0727/155602", "correlationVector":"ZbTolVu6lF0AXoYFtoOsmt.230","action":"GetUpdates", "result":"DeleteReceived", "context":{"id":"5087e23b-157b-4e09-b2cf-c9f3e7aef435", "isDeleted:":"true", "version":"1688709438517"}}
{"logTime": "0727/155602", "correlationVector":"ZbTolVu6lF0AXoYFtoOsmt.231","action":"GetUpdates", "result":"DeleteReceived", "context":{"id":"ca80231f-b152-4988-899d-eac90b60f0c6", "isDeleted:":"true", "version":"1688709438518"}}
{"logTime": "0727/155602", "correlationVector":"ZbTolVu6lF0AXoYFtoOsmt.232","action":"GetUpdates", "result":"DeleteReceived", "context":{"id":"1b3c4e83-0452-42e1-96a0-e7dc2dbfdc79", "isDeleted:":"true", "version":"1688709438520"}}
{"logTime": "0727/155602", "correlationVector":"ZbTolVu6lF0AXoYFtoOsmt.233","action":"GetUpdates", "result":"DeleteReceived", "context":{"id":"13a2d1c4-7bf2-4363-8301-cd0998fae25c", "isDeleted:":"true", "version":"1688712228361"}}
{"logTime": "0727/155602", "correlationVector":"ZbTolVu6lF0AXoYFtoOsmt.234","action":"GetUpdates", "result":"DeleteReceived", "context":{"id":"f6b23ead-ee61-4ffb-8c28-a8339513375f", "isDeleted:":"true", "version":"1688712228363"}}
{"logTime": "0727/155602", "correlationVector":"ZbTolVu6lF0AXoYFtoOsmt.235","action":"GetUpdates", "result":"DeleteReceived", "context":{"id":"7ba72e4a-0722-4b24-973f-86e56b4856e1", "isDeleted:":"true", "version":"1688712435585"}}
{"logTime": "0727/155602", "correlationVector":"ZbTolVu6lF0AXoYFtoOsmt.236","action":"GetUpdates", "result":"DeleteReceived", "context":{"id":"02265104-a1ce-45de-8d81-fea0fb3e7dcf", "isDeleted:":"true", "version":"1688712824714"}}
{"logTime": "0727/155602", "correlationVector":"ZbTolVu6lF0AXoYFtoOsmt.237","action":"GetUpdates", "result":"DeleteReceived", "context":{"id":"707cde78-af0e-4ce5-8c39-8cea310abaeb", "isDeleted:":"true", "version":"1688713175200"}}
{"logTime": "0727/155602", "correlationVector":"ZbTolVu6lF0AXoYFtoOsmt.238","action":"GetUpdates", "result":"DeleteReceived", "context":{"id":"17eb3d1b-c434-4fd9-ab4c-b215e95aed44", "isDeleted:":"true", "version":"1688714288305"}}
{"logTime": "0727/155602", "correlationVector":"ZbTolVu6lF0AXoYFtoOsmt.239","action":"GetUpdates", "result":"DeleteReceived", "context":{"id":"c00fa444-38d1-482e-a90f-9d7ce586a749", "isDeleted:":"true", "version":"1688714288307"}}
{"logTime": "0727/155602", "correlationVector":"ZbTolVu6lF0AXoYFtoOsmt.240","action":"GetUpdates", "result":"DeleteReceived", "context":{"id":"3206e6df-20c7-4001-8edc-2d3da3c4f0f5", "isDeleted:":"true", "version":"1688714288308"}}
{"logTime": "0727/155602", "correlationVector":"ZbTolVu6lF0AXoYFtoOsmt.241","action":"GetUpdates", "result":"DeleteReceived", "context":{"id":"d153ed8f-865a-4fdb-821f-829816b73966", "isDeleted:":"true", "version":"1688733678695"}}
{"logTime": "0727/155602", "correlationVector":"ZbTolVu6lF0AXoYFtoOsmt.242","action":"GetUpdates", "result":"DeleteReceived", "context":{"id":"546adeb7-5548-461a-8df5-6515e84215ae", "isDeleted:":"true", "version":"1688734677633"}}
{"logTime": "0727/155602", "correlationVector":"ZbTolVu6lF0AXoYFtoOsmt.243","action":"GetUpdates", "result":"DeleteReceived", "context":{"id":"c5cfbcd8-ac9c-4fc2-a30b-184942e833a5", "isDeleted:":"true", "version":"1688739141085"}}
{"logTime": "0727/155602", "correlationVector":"ZbTolVu6lF0AXoYFtoOsmt.244","action":"GetUpdates", "result":"DeleteReceived", "context":{"id":"f6a02e9c-afde-4bde-921f-5a7527656358", "isDeleted:":"true", "version":"1688739141086"}}
{"logTime": "0727/155602", "correlationVector":"ZbTolVu6lF0AXoYFtoOsmt.245","action":"GetUpdates", "result":"DeleteReceived", "context":{"id":"e29cc9ae-2dd0-4a4c-ab32-0158393f3762", "isDeleted:":"true", "version":"1688793549352"}}
{"logTime": "0727/155602", "correlationVector":"ZbTolVu6lF0AXoYFtoOsmt.246","action":"GetUpdates", "result":"DeleteReceived", "context":{"id":"c2b6c687-82b2-42d2-ac8e-3cdcd5ca328d", "isDeleted:":"true", "version":"1688793549353"}}
{"logTime": "0727/155602", "correlationVector":"ZbTolVu6lF0AXoYFtoOsmt.247","action":"GetUpdates Response", "result":"SERVER_MORE_TO_DOWNLOAD", "context":Received 250 update(s).  Some updates remain.}
{"logTime": "0727/155602", "correlationVector":"DKBLVIvJ91EFtz3OMlOb/i","action":"Initial GetUpdates", "result":"", "context":Reason: RECONFIGURATION. cV=DKBLVIvJ91EFtz3OMlOb/i}
{"logTime": "0727/155602", "correlationVector":"DKBLVIvJ91EFtz3OMlOb/i.1","action":"SyncServerConnectionManagerRequest", "result":"SYNC_SERVER_OK", "context":{"environment":"Prod_SoutheastAsia_000j", "migrationStage":"NotStarted", "server":"GENERAL01000009"}}
{"logTime": "0727/155602", "correlationVector":"DKBLVIvJ91EFtz3OMlOb/i.2","action":"GetUpdates", "result":"DeleteReceived", "context":{"id":"ee8bab18-3de6-4594-9f90-35f4f5faf03d", "isDeleted:":"true", "version":"1688793549355"}}
{"logTime": "0727/155602", "correlationVector":"DKBLVIvJ91EFtz3OMlOb/i.3","action":"GetUpdates", "result":"DeleteReceived", "context":{"id":"3bc25b27-773a-4330-997b-ed2e22857b42", "isDeleted:":"true", "version":"1688793549356"}}
{"logTime": "0727/155602", "correlationVector":"DKBLVIvJ91EFtz3OMlOb/i.4","action":"GetUpdates", "result":"DeleteReceived", "context":{"id":"4fbdf63a-8989-4314-9c60-a74fe66a3428", "isDeleted:":"true", "version":"1688800812500"}}
{"logTime": "0727/155602", "correlationVector":"DKBLVIvJ91EFtz3OMlOb/i.5","action":"GetUpdates", "result":"DeleteReceived", "context":{"id":"fc3afd85-f06f-413c-a4d5-6429f64c8e7d", "isDeleted:":"true", "version":"1688888971137"}}
{"logTime": "0727/155602", "correlationVector":"DKBLVIvJ91EFtz3OMlOb/i.6","action":"GetUpdates", "result":"DeleteReceived", "context":{"id":"9dd0e7e4-77ad-4bff-a03e-07c0704b32fe", "isDeleted:":"true", "version":"1688888971138"}}
{"logTime": "0727/155602", "correlationVector":"DKBLVIvJ91EFtz3OMlOb/i.7","action":"GetUpdates", "result":"DeleteReceived", "context":{"id":"c9396425-f533-4090-8927-5509b52a6085", "isDeleted:":"true", "version":"1688905423129"}}
{"logTime": "0727/155602", "correlationVector":"DKBLVIvJ91EFtz3OMlOb/i.8","action":"GetUpdates", "result":"DeleteReceived", "context":{"id":"bb0e8897-d45b-4670-915b-92fd4d185fce", "isDeleted:":"true", "version":"1688905423130"}}
{"logTime": "0727/155602", "correlationVector":"DKBLVIvJ91EFtz3OMlOb/i.9","action":"GetUpdates", "result":"DeleteReceived", "context":{"id":"1f9880a3-4afa-4e48-99f2-a19d54a25768", "isDeleted:":"true", "version":"1688909024436"}}
{"logTime": "0727/155602", "correlationVector":"DKBLVIvJ91EFtz3OMlOb/i.10","action":"GetUpdates", "result":"DeleteReceived", "context":{"id":"3fb3bbae-ff71-4669-8438-c5501d35bbe5", "isDeleted:":"true", "version":"1688909024437"}}
{"logTime": "0727/155602", "correlationVector":"DKBLVIvJ91EFtz3OMlOb/i.11","action":"GetUpdates", "result":"DeleteReceived", "context":{"id":"5373fff6-acbb-434f-b234-47cc36376613", "isDeleted:":"true", "version":"1688912805782"}}
{"logTime": "0727/155602", "correlationVector":"DKBLVIvJ91EFtz3OMlOb/i.12","action":"GetUpdates", "result":"DeleteReceived", "context":{"id":"f88c1c91-19d8-4403-abd2-1a2250c8c4f5", "isDeleted:":"true", "version":"1688966080139"}}
{"logTime": "0727/155602", "correlationVector":"DKBLVIvJ91EFtz3OMlOb/i.13","action":"GetUpdates", "result":"DeleteReceived", "context":{"id":"69ed59da-0327-4887-87e9-208edcfe3b6c", "isDeleted:":"true", "version":"1688966080140"}}
{"logTime": "0727/155602", "correlationVector":"DKBLVIvJ91EFtz3OMlOb/i.14","action":"GetUpdates", "result":"DeleteReceived", "context":{"id":"618b2e60-48dd-46f4-b44a-0debb105bad0", "isDeleted:":"true", "version":"1688966080141"}}
{"logTime": "0727/155602", "correlationVector":"DKBLVIvJ91EFtz3OMlOb/i.15","action":"GetUpdates", "result":"DeleteReceived", "context":{"id":"7971fcd1-4450-4861-b9ac-7574982d3d12", "isDeleted:":"true", "version":"1688966080142"}}
{"logTime": "0727/155602", "correlationVector":"DKBLVIvJ91EFtz3OMlOb/i.16","action":"GetUpdates", "result":"DeleteReceived", "context":{"id":"be7410de-b952-4677-907b-30a77a441b39", "isDeleted:":"true", "version":"1688974968418"}}
{"logTime": "0727/155602", "correlationVector":"DKBLVIvJ91EFtz3OMlOb/i.17","action":"GetUpdates", "result":"DeleteReceived", "context":{"id":"251384c1-736c-4def-bdfc-6e50d1eefb6b", "isDeleted:":"true", "version":"1689010892110"}}
{"logTime": "0727/155602", "correlationVector":"DKBLVIvJ91EFtz3OMlOb/i.18","action":"GetUpdates", "result":"DeleteReceived", "context":{"id":"00735662-4ae8-4eae-8bbf-c9372d500871", "isDeleted:":"true", "version":"1689010892112"}}
{"logTime": "0727/155602", "correlationVector":"DKBLVIvJ91EFtz3OMlOb/i.19","action":"GetUpdates", "result":"DeleteReceived", "context":{"id":"09f4e8ba-1c0b-4d6c-88ec-663348145dc2", "isDeleted:":"true", "version":"1689010892113"}}
{"logTime": "0727/155602", "correlationVector":"DKBLVIvJ91EFtz3OMlOb/i.20","action":"GetUpdates", "result":"DeleteReceived", "context":{"id":"04331901-be7e-4d1b-8135-78ab6a43e93b", "isDeleted:":"true", "version":"1689014493565"}}
{"logTime": "0727/155602", "correlationVector":"DKBLVIvJ91EFtz3OMlOb/i.21","action":"GetUpdates", "result":"DeleteReceived", "context":{"id":"20522cee-791e-4967-9fed-3b3c0ea6fb6a", "isDeleted:":"true", "version":"1689053207810"}}
{"logTime": "0727/155602", "correlationVector":"DKBLVIvJ91EFtz3OMlOb/i.22","action":"GetUpdates", "result":"DeleteReceived", "context":{"id":"7c44a0ef-a701-4b73-9df0-decf171daa49", "isDeleted:":"true", "version":"1689053207811"}}
{"logTime": "0727/155602", "correlationVector":"DKBLVIvJ91EFtz3OMlOb/i.23","action":"GetUpdates", "result":"DeleteReceived", "context":{"id":"40fc0c89-bb1f-4066-920c-51d9bc05f52a", "isDeleted:":"true", "version":"1689053207813"}}
{"logTime": "0727/155602", "correlationVector":"DKBLVIvJ91EFtz3OMlOb/i.24","action":"GetUpdates", "result":"DeleteReceived", "context":{"id":"1743fd8a-7bb8-4703-ba14-db0b8d3f049f", "isDeleted:":"true", "version":"1689053207814"}}
{"logTime": "0727/155602", "correlationVector":"DKBLVIvJ91EFtz3OMlOb/i.25","action":"GetUpdates", "result":"DeleteReceived", "context":{"id":"c96fffb4-2180-42ff-b13b-0f09ba1d1d8a", "isDeleted:":"true", "version":"1689053998686"}}
{"logTime": "0727/155602", "correlationVector":"DKBLVIvJ91EFtz3OMlOb/i.26","action":"GetUpdates", "result":"DeleteReceived", "context":{"id":"759a410c-bcb5-44d6-8a8b-f120f067cae0", "isDeleted:":"true", "version":"1689060677333"}}
{"logTime": "0727/155602", "correlationVector":"DKBLVIvJ91EFtz3OMlOb/i.27","action":"GetUpdates", "result":"DeleteReceived", "context":{"id":"71cb0c7f-2c64-4492-ab00-803ae3d5a3a5", "isDeleted:":"true", "version":"1689060743920"}}
{"logTime": "0727/155602", "correlationVector":"DKBLVIvJ91EFtz3OMlOb/i.28","action":"GetUpdates", "result":"DeleteReceived", "context":{"id":"c11fc55b-81fa-49de-85fd-4f7db46e6f5a", "isDeleted:":"true", "version":"1689062023411"}}
{"logTime": "0727/155602", "correlationVector":"DKBLVIvJ91EFtz3OMlOb/i.29","action":"GetUpdates", "result":"DeleteReceived", "context":{"id":"e0563239-9ae8-4796-9d1e-2b7a5e7aa09d", "isDeleted:":"true", "version":"1689062023414"}}
{"logTime": "0727/155602", "correlationVector":"DKBLVIvJ91EFtz3OMlOb/i.30","action":"GetUpdates", "result":"DeleteReceived", "context":{"id":"bb74792b-c699-4970-a3da-340eebaecd24", "isDeleted:":"true", "version":"1689077877682"}}
{"logTime": "0727/155602", "correlationVector":"DKBLVIvJ91EFtz3OMlOb/i.31","action":"GetUpdates", "result":"DeleteReceived", "context":{"id":"acb40750-6051-481e-8498-15ccddfc9e0b", "isDeleted:":"true", "version":"1689077899099"}}
{"logTime": "0727/155602", "correlationVector":"DKBLVIvJ91EFtz3OMlOb/i.32","action":"GetUpdates", "result":"DeleteReceived", "context":{"id":"f9e12348-aa5b-4925-bd11-dd8bfe998f29", "isDeleted:":"true", "version":"1689077899100"}}
{"logTime": "0727/155603", "correlationVector":"DKBLVIvJ91EFtz3OMlOb/i.33","action":"GetUpdates", "result":"DeleteReceived", "context":{"id":"522e1199-693c-4497-b658-72fa3ebdcb48", "isDeleted:":"true", "version":"1689077899102"}}
{"logTime": "0727/155603", "correlationVector":"DKBLVIvJ91EFtz3OMlOb/i.34","action":"GetUpdates", "result":"DeleteReceived", "context":{"id":"7898daa6-e95e-4466-a0d5-de5e31cb20ed", "isDeleted:":"true", "version":"1689077899103"}}
{"logTime": "0727/155603", "correlationVector":"DKBLVIvJ91EFtz3OMlOb/i.35","action":"GetUpdates", "result":"DeleteReceived", "context":{"id":"412686e1-efb5-43d9-b567-be341c7a47bb", "isDeleted:":"true", "version":"1689077899104"}}
{"logTime": "0727/155603", "correlationVector":"DKBLVIvJ91EFtz3OMlOb/i.36","action":"GetUpdates", "result":"DeleteReceived", "context":{"id":"b6bdb180-0045-48bb-b97c-908ab94330e1", "isDeleted:":"true", "version":"1689078648641"}}
{"logTime": "0727/155603", "correlationVector":"DKBLVIvJ91EFtz3OMlOb/i.37","action":"GetUpdates", "result":"DeleteReceived", "context":{"id":"866a54db-0419-426d-a817-75ba140b9ed7", "isDeleted:":"true", "version":"1689082096715"}}
{"logTime": "0727/155603", "correlationVector":"DKBLVIvJ91EFtz3OMlOb/i.38","action":"GetUpdates", "result":"DeleteReceived", "context":{"id":"beb9f03a-91b4-4529-9bb8-fe8d03577910", "isDeleted:":"true", "version":"1689084478596"}}
{"logTime": "0727/155603", "correlationVector":"DKBLVIvJ91EFtz3OMlOb/i.39","action":"GetUpdates", "result":"DeleteReceived", "context":{"id":"8f11895a-58dc-418c-b9dc-6e152f7bf630", "isDeleted:":"true", "version":"1689085603093"}}
{"logTime": "0727/155603", "correlationVector":"DKBLVIvJ91EFtz3OMlOb/i.40","action":"GetUpdates", "result":"DeleteReceived", "context":{"id":"a4e47bee-f6a4-49e2-a754-10027cca0ce4", "isDeleted:":"true", "version":"1689085603094"}}
{"logTime": "0727/155603", "correlationVector":"DKBLVIvJ91EFtz3OMlOb/i.41","action":"GetUpdates", "result":"DeleteReceived", "context":{"id":"47bee887-1065-4583-ada0-c8fc7ef5a490", "isDeleted:":"true", "version":"1689085603095"}}
{"logTime": "0727/155603", "correlationVector":"DKBLVIvJ91EFtz3OMlOb/i.42","action":"GetUpdates", "result":"DeleteReceived", "context":{"id":"326e4867-66dd-45d9-ae5d-62a5a4a6bef6", "isDeleted:":"true", "version":"1689085603096"}}
{"logTime": "0727/155603", "correlationVector":"DKBLVIvJ91EFtz3OMlOb/i.43","action":"GetUpdates", "result":"DeleteReceived", "context":{"id":"388e2eae-564f-4417-89c3-f45ba72621cc", "isDeleted:":"true", "version":"1689085603098"}}
{"logTime": "0727/155603", "correlationVector":"DKBLVIvJ91EFtz3OMlOb/i.44","action":"GetUpdates", "result":"DeleteReceived", "context":{"id":"598ae14c-668e-4a67-b4d4-65eba01f14c3", "isDeleted:":"true", "version":"1689085603099"}}
{"logTime": "0727/155603", "correlationVector":"DKBLVIvJ91EFtz3OMlOb/i.45","action":"GetUpdates", "result":"DeleteReceived", "context":{"id":"35ebd4c9-b60e-4c6e-bb63-6bafde57cb87", "isDeleted:":"true", "version":"1689093822423"}}
{"logTime": "0727/155603", "correlationVector":"DKBLVIvJ91EFtz3OMlOb/i.46","action":"GetUpdates", "result":"DeleteReceived", "context":{"id":"31faf1fc-3025-4e89-babc-923ae6d23136", "isDeleted:":"true", "version":"1689093822425"}}
{"logTime": "0727/155603", "correlationVector":"DKBLVIvJ91EFtz3OMlOb/i.47","action":"GetUpdates", "result":"DeleteReceived", "context":{"id":"2661b656-e383-4e67-a558-d3cc1a920924", "isDeleted:":"true", "version":"1689093822426"}}
{"logTime": "0727/155603", "correlationVector":"DKBLVIvJ91EFtz3OMlOb/i.48","action":"GetUpdates", "result":"DeleteReceived", "context":{"id":"66cb501b-2455-49ed-8da4-ec4b3630146f", "isDeleted:":"true", "version":"1689102017791"}}
{"logTime": "0727/155603", "correlationVector":"DKBLVIvJ91EFtz3OMlOb/i.49","action":"GetUpdates", "result":"DeleteReceived", "context":{"id":"95ec1d3b-d730-48a8-86e4-7808e085940b", "isDeleted:":"true", "version":"1689103393469"}}
{"logTime": "0727/155603", "correlationVector":"DKBLVIvJ91EFtz3OMlOb/i.50","action":"GetUpdates", "result":"DeleteReceived", "context":{"id":"cbde5cef-4d56-4ebb-a2ff-f1af98246c84", "isDeleted:":"true", "version":"1689145825497"}}
{"logTime": "0727/155603", "correlationVector":"DKBLVIvJ91EFtz3OMlOb/i.51","action":"GetUpdates", "result":"DeleteReceived", "context":{"id":"89acc49c-1b0c-4450-adbb-458f4ca74ebb", "isDeleted:":"true", "version":"1689145825498"}}
{"logTime": "0727/155603", "correlationVector":"DKBLVIvJ91EFtz3OMlOb/i.52","action":"GetUpdates", "result":"DeleteReceived", "context":{"id":"c24a0867-4ce3-40fe-ab81-60c24a0b65fb", "isDeleted:":"true", "version":"1689145825499"}}
{"logTime": "0727/155603", "correlationVector":"DKBLVIvJ91EFtz3OMlOb/i.53","action":"GetUpdates", "result":"DeleteReceived", "context":{"id":"dbd3c612-8d2c-4413-bcfe-6b4b7836898e", "isDeleted:":"true", "version":"1689145825501"}}
{"logTime": "0727/155603", "correlationVector":"DKBLVIvJ91EFtz3OMlOb/i.54","action":"GetUpdates", "result":"DeleteReceived", "context":{"id":"654d85ef-4ba8-445b-9090-a6357be0d70a", "isDeleted:":"true", "version":"1689145825502"}}
{"logTime": "0727/155603", "correlationVector":"DKBLVIvJ91EFtz3OMlOb/i.55","action":"GetUpdates", "result":"DeleteReceived", "context":{"id":"c6fece49-39e6-411d-b1fc-c31bb8b68375", "isDeleted:":"true", "version":"1689145825504"}}
{"logTime": "0727/155603", "correlationVector":"DKBLVIvJ91EFtz3OMlOb/i.56","action":"GetUpdates", "result":"DeleteReceived", "context":{"id":"79cd2996-e357-4e1a-add4-71584bdee909", "isDeleted:":"true", "version":"1689145825505"}}
{"logTime": "0727/155603", "correlationVector":"DKBLVIvJ91EFtz3OMlOb/i.57","action":"GetUpdates", "result":"DeleteReceived", "context":{"id":"8b8632db-8c65-4b78-a057-70769a2cc47e", "isDeleted:":"true", "version":"1689146765992"}}
{"logTime": "0727/155603", "correlationVector":"DKBLVIvJ91EFtz3OMlOb/i.58","action":"GetUpdates", "result":"DeleteReceived", "context":{"id":"f089ccad-e42e-41e1-adcc-ce5ef8306c0a", "isDeleted:":"true", "version":"1689146765993"}}
{"logTime": "0727/155603", "correlationVector":"DKBLVIvJ91EFtz3OMlOb/i.59","action":"GetUpdates", "result":"DeleteReceived", "context":{"id":"aaf310ff-a0ce-4aa8-875c-2a977e5101ad", "isDeleted:":"true", "version":"1689146765995"}}
{"logTime": "0727/155603", "correlationVector":"DKBLVIvJ91EFtz3OMlOb/i.60","action":"GetUpdates", "result":"DeleteReceived", "context":{"id":"90c445e5-961f-4a4f-b73e-0b7343a2161d", "isDeleted:":"true", "version":"1689172043276"}}
{"logTime": "0727/155603", "correlationVector":"DKBLVIvJ91EFtz3OMlOb/i.61","action":"GetUpdates", "result":"DeleteReceived", "context":{"id":"8452d560-81ee-43e3-b2cc-788f7bd19faa", "isDeleted:":"true", "version":"1689172043278"}}
{"logTime": "0727/155603", "correlationVector":"DKBLVIvJ91EFtz3OMlOb/i.62","action":"GetUpdates", "result":"DeleteReceived", "context":{"id":"73b4d48d-4d09-444a-b44a-f1cf2bebdf7b", "isDeleted:":"true", "version":"1689172043279"}}
{"logTime": "0727/155603", "correlationVector":"DKBLVIvJ91EFtz3OMlOb/i.63","action":"GetUpdates", "result":"DeleteReceived", "context":{"id":"09415377-8da8-4b5b-9db2-7d19c6c92e53", "isDeleted:":"true", "version":"1689172043280"}}
{"logTime": "0727/155603", "correlationVector":"DKBLVIvJ91EFtz3OMlOb/i.64","action":"GetUpdates", "result":"DeleteReceived", "context":{"id":"def66464-1ffc-4e2f-8342-a995fab6c081", "isDeleted:":"true", "version":"1689172043281"}}
{"logTime": "0727/155603", "correlationVector":"DKBLVIvJ91EFtz3OMlOb/i.65","action":"GetUpdates", "result":"DeleteReceived", "context":{"id":"32b11163-4790-4082-b2e1-81bff598c3ce", "isDeleted:":"true", "version":"1689172043282"}}
{"logTime": "0727/155603", "correlationVector":"DKBLVIvJ91EFtz3OMlOb/i.66","action":"GetUpdates", "result":"DeleteReceived", "context":{"id":"1f0bcd24-790c-460b-bd45-6b79e5df5b1c", "isDeleted:":"true", "version":"1689262894075"}}
{"logTime": "0727/155603", "correlationVector":"DKBLVIvJ91EFtz3OMlOb/i.67","action":"GetUpdates", "result":"DeleteReceived", "context":{"id":"7850e22e-b2d6-422b-9036-285bc8a6c7ee", "isDeleted:":"true", "version":"1689262894076"}}
{"logTime": "0727/155603", "correlationVector":"DKBLVIvJ91EFtz3OMlOb/i.68","action":"GetUpdates", "result":"DeleteReceived", "context":{"id":"92dd9d7b-6790-47eb-9410-911416221b09", "isDeleted:":"true", "version":"1689262894077"}}
{"logTime": "0727/155603", "correlationVector":"DKBLVIvJ91EFtz3OMlOb/i.69","action":"GetUpdates", "result":"DeleteReceived", "context":{"id":"29bbfd5b-82dc-476d-b149-ec832143bcd2", "isDeleted:":"true", "version":"1689263084337"}}
{"logTime": "0727/155603", "correlationVector":"DKBLVIvJ91EFtz3OMlOb/i.70","action":"GetUpdates", "result":"DeleteReceived", "context":{"id":"1d050968-b2fb-4f0c-ac16-01febcbdf935", "isDeleted:":"true", "version":"1689263084339"}}
{"logTime": "0727/155603", "correlationVector":"DKBLVIvJ91EFtz3OMlOb/i.71","action":"GetUpdates", "result":"DeleteReceived", "context":{"id":"b972d00d-a786-4976-aef6-0e30661384ec", "isDeleted:":"true", "version":"1689269169786"}}
{"logTime": "0727/155603", "correlationVector":"DKBLVIvJ91EFtz3OMlOb/i.72","action":"GetUpdates", "result":"DeleteReceived", "context":{"id":"5d624583-bbad-41ea-af98-9d5cfaa54999", "isDeleted:":"true", "version":"1689269169789"}}
{"logTime": "0727/155603", "correlationVector":"DKBLVIvJ91EFtz3OMlOb/i.73","action":"GetUpdates", "result":"DeleteReceived", "context":{"id":"4ddba36e-baac-45b6-ae04-128d151a6471", "isDeleted:":"true", "version":"1689274453211"}}
{"logTime": "0727/155604", "correlationVector":"DKBLVIvJ91EFtz3OMlOb/i.74","action":"GetUpdates", "result":"DeleteReceived", "context":{"id":"0b241492-7597-4460-907f-25047d4c03d9", "isDeleted:":"true", "version":"1689313772523"}}
{"logTime": "0727/155604", "correlationVector":"DKBLVIvJ91EFtz3OMlOb/i.75","action":"GetUpdates", "result":"DeleteReceived", "context":{"id":"7d341e5e-0e6a-46f0-a090-edfe048dd8d2", "isDeleted:":"true", "version":"1689313772525"}}
{"logTime": "0727/155604", "correlationVector":"DKBLVIvJ91EFtz3OMlOb/i.76","action":"GetUpdates", "result":"DeleteReceived", "context":{"id":"b23e6e4c-865c-4a29-9fce-83adb2c77648", "isDeleted:":"true", "version":"1689313772526"}}
{"logTime": "0727/155604", "correlationVector":"DKBLVIvJ91EFtz3OMlOb/i.77","action":"GetUpdates", "result":"DeleteReceived", "context":{"id":"9c640d5f-091b-4a98-97d5-4bd9cf315c93", "isDeleted:":"true", "version":"1689313772527"}}
{"logTime": "0727/155604", "correlationVector":"DKBLVIvJ91EFtz3OMlOb/i.78","action":"GetUpdates", "result":"DeleteReceived", "context":{"id":"a017dc7b-5edf-493e-a4a6-974a6109d64c", "isDeleted:":"true", "version":"1689313772528"}}
{"logTime": "0727/155604", "correlationVector":"DKBLVIvJ91EFtz3OMlOb/i.79","action":"GetUpdates", "result":"DeleteReceived", "context":{"id":"5d001e1d-f418-453a-a419-a196bb8bc8c4", "isDeleted:":"true", "version":"1689313772529"}}
{"logTime": "0727/155604", "correlationVector":"DKBLVIvJ91EFtz3OMlOb/i.80","action":"GetUpdates", "result":"DeleteReceived", "context":{"id":"e74049dd-56ee-4f38-a6ed-40562bb55916", "isDeleted:":"true", "version":"1689320439775"}}
{"logTime": "0727/155604", "correlationVector":"DKBLVIvJ91EFtz3OMlOb/i.81","action":"GetUpdates", "result":"DeleteReceived", "context":{"id":"c5c02d20-d661-45a0-93cf-a852d46dc9cd", "isDeleted:":"true", "version":"1689320439779"}}
{"logTime": "0727/155604", "correlationVector":"DKBLVIvJ91EFtz3OMlOb/i.82","action":"GetUpdates", "result":"DeleteReceived", "context":{"id":"893bf4ee-2e2e-4140-b35b-48f21dbb3c1d", "isDeleted:":"true", "version":"1689320991975"}}
{"logTime": "0727/155604", "correlationVector":"DKBLVIvJ91EFtz3OMlOb/i.83","action":"GetUpdates", "result":"DeleteReceived", "context":{"id":"e4b6b1fe-d2ec-47db-be96-6806ad959387", "isDeleted:":"true", "version":"1689320991976"}}
{"logTime": "0727/155604", "correlationVector":"DKBLVIvJ91EFtz3OMlOb/i.84","action":"GetUpdates", "result":"DeleteReceived", "context":{"id":"fc06f5d7-a8e9-4699-b6d2-f938d4b55d58", "isDeleted:":"true", "version":"1689320991978"}}
{"logTime": "0727/155604", "correlationVector":"DKBLVIvJ91EFtz3OMlOb/i.85","action":"GetUpdates", "result":"DeleteReceived", "context":{"id":"49ecce18-6ff8-46f1-b617-a797f60b8e81", "isDeleted:":"true", "version":"1689340713465"}}
{"logTime": "0727/155604", "correlationVector":"DKBLVIvJ91EFtz3OMlOb/i.86","action":"GetUpdates", "result":"DeleteReceived", "context":{"id":"406c200e-05fd-4214-88d0-14d9468969d2", "isDeleted:":"true", "version":"1689340713466"}}
{"logTime": "0727/155604", "correlationVector":"DKBLVIvJ91EFtz3OMlOb/i.87","action":"GetUpdates", "result":"DeleteReceived", "context":{"id":"469cf66c-4d68-498b-9ad9-5d76bd21778b", "isDeleted:":"true", "version":"1689340713468"}}
{"logTime": "0727/155604", "correlationVector":"DKBLVIvJ91EFtz3OMlOb/i.88","action":"GetUpdates", "result":"DeleteReceived", "context":{"id":"d81931fc-f4f1-4521-b109-762f25b81322", "isDeleted:":"true", "version":"1689341221927"}}
{"logTime": "0727/155604", "correlationVector":"DKBLVIvJ91EFtz3OMlOb/i.89","action":"GetUpdates", "result":"DeleteReceived", "context":{"id":"00483e00-8f54-414b-a0b6-07eb353f36b7", "isDeleted:":"true", "version":"1689342081270"}}
{"logTime": "0727/155604", "correlationVector":"DKBLVIvJ91EFtz3OMlOb/i.90","action":"GetUpdates", "result":"DeleteReceived", "context":{"id":"aa167454-87df-4bd9-a33e-f055a058e470", "isDeleted:":"true", "version":"1689348529716"}}
{"logTime": "0727/155604", "correlationVector":"DKBLVIvJ91EFtz3OMlOb/i.91","action":"GetUpdates", "result":"DeleteReceived", "context":{"id":"4fcd0fe6-16bd-4461-9bdd-d1923279d30a", "isDeleted:":"true", "version":"1689348529717"}}
{"logTime": "0727/155604", "correlationVector":"DKBLVIvJ91EFtz3OMlOb/i.92","action":"GetUpdates", "result":"DeleteReceived", "context":{"id":"e5466010-f71d-4462-ab8d-2d32d048d576", "isDeleted:":"true", "version":"1689348529718"}}
{"logTime": "0727/155604", "correlationVector":"DKBLVIvJ91EFtz3OMlOb/i.93","action":"GetUpdates", "result":"DeleteReceived", "context":{"id":"50735f64-08e9-468d-b6df-6d44034e93b7", "isDeleted:":"true", "version":"1689351923170"}}
{"logTime": "0727/155604", "correlationVector":"DKBLVIvJ91EFtz3OMlOb/i.94","action":"GetUpdates", "result":"DeleteReceived", "context":{"id":"0c434a6b-0830-4a9d-af21-4e9637984aa2", "isDeleted:":"true", "version":"1689351923172"}}
{"logTime": "0727/155604", "correlationVector":"DKBLVIvJ91EFtz3OMlOb/i.95","action":"GetUpdates", "result":"DeleteReceived", "context":{"id":"1dc2e9f5-285f-4a3e-85ac-c88782e1a348", "isDeleted:":"true", "version":"1689354431743"}}
{"logTime": "0727/155604", "correlationVector":"DKBLVIvJ91EFtz3OMlOb/i.96","action":"GetUpdates", "result":"DeleteReceived", "context":{"id":"0b268928-b952-43ef-b1a8-a636f5038fd7", "isDeleted:":"true", "version":"1689399634698"}}
{"logTime": "0727/155604", "correlationVector":"DKBLVIvJ91EFtz3OMlOb/i.97","action":"GetUpdates", "result":"DeleteReceived", "context":{"id":"fb679296-f236-4031-ba2e-c56279d029c0", "isDeleted:":"true", "version":"1689399634700"}}
{"logTime": "0727/155605", "correlationVector":"DKBLVIvJ91EFtz3OMlOb/i.98","action":"GetUpdates", "result":"DeleteReceived", "context":{"id":"42241570-26ac-4373-a30b-f47aa851b231", "isDeleted:":"true", "version":"1689399634701"}}
{"logTime": "0727/155605", "correlationVector":"DKBLVIvJ91EFtz3OMlOb/i.99","action":"GetUpdates", "result":"DeleteReceived", "context":{"id":"3a82cff4-bb55-490b-b426-278f2df57d92", "isDeleted:":"true", "version":"1689400018367"}}
{"logTime": "0727/155605", "correlationVector":"DKBLVIvJ91EFtz3OMlOb/i.100","action":"GetUpdates", "result":"DeleteReceived", "context":{"id":"a1fe08d2-58b1-4743-acd0-703548caf3c3", "isDeleted:":"true", "version":"1689400534021"}}
{"logTime": "0727/155605", "correlationVector":"DKBLVIvJ91EFtz3OMlOb/i.101","action":"GetUpdates", "result":"DeleteReceived", "context":{"id":"7b85f293-5d0e-4a20-9dee-987f0269ac16", "isDeleted:":"true", "version":"1689404408805"}}
{"logTime": "0727/155605", "correlationVector":"DKBLVIvJ91EFtz3OMlOb/i.102","action":"GetUpdates", "result":"DeleteReceived", "context":{"id":"8a9b6cb4-0e9d-426a-ad4e-7661ffcdc01f", "isDeleted:":"true", "version":"1689442539382"}}
{"logTime": "0727/155605", "correlationVector":"DKBLVIvJ91EFtz3OMlOb/i.103","action":"GetUpdates", "result":"DeleteReceived", "context":{"id":"f1e280ae-a6f4-4482-8ebd-4ecaf09945cf", "isDeleted:":"true", "version":"1689444432913"}}
{"logTime": "0727/155605", "correlationVector":"DKBLVIvJ91EFtz3OMlOb/i.104","action":"GetUpdates", "result":"DeleteReceived", "context":{"id":"78251dfc-8672-4044-85c9-27d3c8ffa8c0", "isDeleted:":"true", "version":"1689445476374"}}
{"logTime": "0727/155605", "correlationVector":"DKBLVIvJ91EFtz3OMlOb/i.105","action":"GetUpdates", "result":"DeleteReceived", "context":{"id":"1cf901a7-fd14-46e9-9d59-eeb263cc7bc7", "isDeleted:":"true", "version":"1689447745138"}}
{"logTime": "0727/155605", "correlationVector":"DKBLVIvJ91EFtz3OMlOb/i.106","action":"GetUpdates", "result":"DeleteReceived", "context":{"id":"6da8e7ff-06e7-4b55-bff0-156d3d635613", "isDeleted:":"true", "version":"1689447745142"}}
{"logTime": "0727/155605", "correlationVector":"DKBLVIvJ91EFtz3OMlOb/i.107","action":"GetUpdates", "result":"DeleteReceived", "context":{"id":"9c2b5de3-403f-4e8f-b643-b4bf332a5fb4", "isDeleted:":"true", "version":"1689447745144"}}
{"logTime": "0727/155605", "correlationVector":"DKBLVIvJ91EFtz3OMlOb/i.108","action":"GetUpdates", "result":"DeleteReceived", "context":{"id":"a0f65ce5-547b-4c84-8366-62e6841e0e7b", "isDeleted:":"true", "version":"1689451769998"}}
{"logTime": "0727/155605", "correlationVector":"DKBLVIvJ91EFtz3OMlOb/i.109","action":"GetUpdates", "result":"DeleteReceived", "context":{"id":"7140e5cf-f1bb-450c-9d15-3014d3331c67", "isDeleted:":"true", "version":"1689451770002"}}
{"logTime": "0727/155605", "correlationVector":"DKBLVIvJ91EFtz3OMlOb/i.110","action":"GetUpdates", "result":"DeleteReceived", "context":{"id":"7cd6b625-bd9f-43c2-aeac-c7d55cbaa3ac", "isDeleted:":"true", "version":"1689452147781"}}
{"logTime": "0727/155605", "correlationVector":"DKBLVIvJ91EFtz3OMlOb/i.111","action":"GetUpdates", "result":"DeleteReceived", "context":{"id":"dd42983e-db7d-4bfa-99e5-885adc94b78b", "isDeleted:":"true", "version":"1689452147783"}}
{"logTime": "0727/155605", "correlationVector":"DKBLVIvJ91EFtz3OMlOb/i.112","action":"GetUpdates", "result":"DeleteReceived", "context":{"id":"6d5f8325-bee0-44cd-ba35-af4b2664f116", "isDeleted:":"true", "version":"1689452147784"}}
{"logTime": "0727/155605", "correlationVector":"DKBLVIvJ91EFtz3OMlOb/i.113","action":"GetUpdates", "result":"DeleteReceived", "context":{"id":"fa8c512f-c5aa-4f53-a501-7f8031f2b5d6", "isDeleted:":"true", "version":"1689452147787"}}
{"logTime": "0727/155605", "correlationVector":"DKBLVIvJ91EFtz3OMlOb/i.114","action":"GetUpdates", "result":"DeleteReceived", "context":{"id":"44492001-7c26-4848-8645-024ccd48bb8d", "isDeleted:":"true", "version":"1689452430893"}}
{"logTime": "0727/155605", "correlationVector":"DKBLVIvJ91EFtz3OMlOb/i.115","action":"GetUpdates", "result":"DeleteReceived", "context":{"id":"57d765c6-90b0-4297-8871-1fc5ad7eec2b", "isDeleted:":"true", "version":"1689452541423"}}
{"logTime": "0727/155606", "correlationVector":"DKBLVIvJ91EFtz3OMlOb/i.116","action":"GetUpdates", "result":"DeleteReceived", "context":{"id":"5de830e2-0dd6-4f63-b315-b3b1031532fd", "isDeleted:":"true", "version":"1689488151987"}}
{"logTime": "0727/155606", "correlationVector":"DKBLVIvJ91EFtz3OMlOb/i.117","action":"GetUpdates", "result":"DeleteReceived", "context":{"id":"e4e907d5-e232-47cb-8d8a-81324d0f8fe6", "isDeleted:":"true", "version":"1689495473118"}}
{"logTime": "0727/155606", "correlationVector":"DKBLVIvJ91EFtz3OMlOb/i.118","action":"GetUpdates", "result":"DeleteReceived", "context":{"id":"5e7407bd-7494-4319-b401-f5524c5af440", "isDeleted:":"true", "version":"1689495473121"}}
{"logTime": "0727/155606", "correlationVector":"DKBLVIvJ91EFtz3OMlOb/i.119","action":"GetUpdates", "result":"DeleteReceived", "context":{"id":"68e2e562-79b8-4405-92f3-3d6c415353eb", "isDeleted:":"true", "version":"1689495473122"}}
{"logTime": "0727/155606", "correlationVector":"DKBLVIvJ91EFtz3OMlOb/i.120","action":"GetUpdates", "result":"DeleteReceived", "context":{"id":"cc86ae56-4b58-4d9e-907f-aebc1ef39154", "isDeleted:":"true", "version":"1689591205069"}}
{"logTime": "0727/155606", "correlationVector":"DKBLVIvJ91EFtz3OMlOb/i.121","action":"GetUpdates", "result":"DeleteReceived", "context":{"id":"ed5b2092-7673-4ebc-aef7-ff9912e00a23", "isDeleted:":"true", "version":"1689591205070"}}
{"logTime": "0727/155606", "correlationVector":"DKBLVIvJ91EFtz3OMlOb/i.122","action":"GetUpdates", "result":"DeleteReceived", "context":{"id":"14d7aa63-1759-441a-ba1d-e7ab2433c095", "isDeleted:":"true", "version":"1689591205071"}}
{"logTime": "0727/155606", "correlationVector":"DKBLVIvJ91EFtz3OMlOb/i.123","action":"GetUpdates", "result":"DeleteReceived", "context":{"id":"4a8192d1-7ed5-416a-9345-bbaf3ad80e68", "isDeleted:":"true", "version":"1689591416446"}}
{"logTime": "0727/155606", "correlationVector":"DKBLVIvJ91EFtz3OMlOb/i.124","action":"GetUpdates", "result":"DeleteReceived", "context":{"id":"978eab1f-3fc6-4835-9eb2-30664b25189b", "isDeleted:":"true", "version":"1689591962602"}}
{"logTime": "0727/155606", "correlationVector":"DKBLVIvJ91EFtz3OMlOb/i.125","action":"GetUpdates", "result":"DeleteReceived", "context":{"id":"00540ea7-7427-4040-b376-085e44bceeb6", "isDeleted:":"true", "version":"1689593002893"}}
{"logTime": "0727/155606", "correlationVector":"DKBLVIvJ91EFtz3OMlOb/i.126","action":"GetUpdates", "result":"DeleteReceived", "context":{"id":"484fbf3b-72a6-4195-8566-a705c199452d", "isDeleted:":"true", "version":"1689593061431"}}
{"logTime": "0727/155606", "correlationVector":"DKBLVIvJ91EFtz3OMlOb/i.127","action":"GetUpdates", "result":"DeleteReceived", "context":{"id":"4f1e8366-22b4-4276-ab7a-826d43181208", "isDeleted:":"true", "version":"1689598862436"}}
{"logTime": "0727/155607", "correlationVector":"DKBLVIvJ91EFtz3OMlOb/i.128","action":"GetUpdates", "result":"DeleteReceived", "context":{"id":"1744206d-a49b-45e1-ab3d-13080b203c79", "isDeleted:":"true", "version":"1689682552292"}}
{"logTime": "0727/155607", "correlationVector":"DKBLVIvJ91EFtz3OMlOb/i.129","action":"GetUpdates", "result":"DeleteReceived", "context":{"id":"e5121480-947a-42e8-8f25-512940dbe4ed", "isDeleted:":"true", "version":"1689690306745"}}
{"logTime": "0727/155607", "correlationVector":"DKBLVIvJ91EFtz3OMlOb/i.130","action":"GetUpdates", "result":"DeleteReceived", "context":{"id":"f69e0fca-3380-48be-9e6a-82f5ae917568", "isDeleted:":"true", "version":"1689691170870"}}
{"logTime": "0727/155607", "correlationVector":"DKBLVIvJ91EFtz3OMlOb/i.131","action":"GetUpdates", "result":"DeleteReceived", "context":{"id":"6b8967d9-c3d8-418b-8a50-dd3ef746b230", "isDeleted:":"true", "version":"1689696289672"}}
{"logTime": "0727/155607", "correlationVector":"DKBLVIvJ91EFtz3OMlOb/i.132","action":"GetUpdates", "result":"DeleteReceived", "context":{"id":"121e946a-f544-4186-b250-18ac476ec587", "isDeleted:":"true", "version":"1689696324462"}}
{"logTime": "0727/155607", "correlationVector":"DKBLVIvJ91EFtz3OMlOb/i.133","action":"GetUpdates", "result":"DeleteReceived", "context":{"id":"5dc33183-91b3-4a59-a6fe-570f41768aa5", "isDeleted:":"true", "version":"1689707575856"}}
{"logTime": "0727/155607", "correlationVector":"DKBLVIvJ91EFtz3OMlOb/i.134","action":"GetUpdates", "result":"DeleteReceived", "context":{"id":"67d11344-76b6-43a3-9a7b-e2aa993c1127", "isDeleted:":"true", "version":"1689707575857"}}
{"logTime": "0727/155607", "correlationVector":"DKBLVIvJ91EFtz3OMlOb/i.135","action":"GetUpdates", "result":"DeleteReceived", "context":{"id":"b01b0bcd-6913-4bce-bded-f311473f763e", "isDeleted:":"true", "version":"1689707575858"}}
{"logTime": "0727/155607", "correlationVector":"DKBLVIvJ91EFtz3OMlOb/i.136","action":"GetUpdates", "result":"DeleteReceived", "context":{"id":"943dc4ce-9561-432a-96e7-882adfb8f5ec", "isDeleted:":"true", "version":"1689708244214"}}
{"logTime": "0727/155607", "correlationVector":"DKBLVIvJ91EFtz3OMlOb/i.137","action":"GetUpdates", "result":"DeleteReceived", "context":{"id":"b164f118-0981-4ee2-97a1-ce148fa422c3", "isDeleted:":"true", "version":"1689708769046"}}
{"logTime": "0727/155607", "correlationVector":"DKBLVIvJ91EFtz3OMlOb/i.138","action":"GetUpdates", "result":"DeleteReceived", "context":{"id":"1920f2b1-4023-44a4-bf8d-c57352cbd487", "isDeleted:":"true", "version":"1689744103229"}}
{"logTime": "0727/155607", "correlationVector":"DKBLVIvJ91EFtz3OMlOb/i.139","action":"GetUpdates", "result":"DeleteReceived", "context":{"id":"cc4bede4-988f-4f0a-8800-a83579cc983b", "isDeleted:":"true", "version":"1689744103230"}}
{"logTime": "0727/155607", "correlationVector":"DKBLVIvJ91EFtz3OMlOb/i.140","action":"GetUpdates", "result":"DeleteReceived", "context":{"id":"26ef62b8-2110-4060-acd5-ea3f1f071c35", "isDeleted:":"true", "version":"1689744103231"}}
{"logTime": "0727/155607", "correlationVector":"DKBLVIvJ91EFtz3OMlOb/i.141","action":"GetUpdates", "result":"DeleteReceived", "context":{"id":"1263964c-5054-48d6-9685-ddca062955eb", "isDeleted:":"true", "version":"1689751053106"}}
{"logTime": "0727/155607", "correlationVector":"DKBLVIvJ91EFtz3OMlOb/i.142","action":"GetUpdates", "result":"DeleteReceived", "context":{"id":"42717a35-ea8d-4309-a818-72167b629a03", "isDeleted:":"true", "version":"1689772802759"}}
{"logTime": "0727/155607", "correlationVector":"DKBLVIvJ91EFtz3OMlOb/i.143","action":"GetUpdates", "result":"DeleteReceived", "context":{"id":"de58ce39-859c-4a27-bf52-293a08fa2315", "isDeleted:":"true", "version":"1689772842563"}}
{"logTime": "0727/155607", "correlationVector":"DKBLVIvJ91EFtz3OMlOb/i.144","action":"GetUpdates", "result":"DeleteReceived", "context":{"id":"848629e4-0f28-4bf6-ba1d-8a8579307220", "isDeleted:":"true", "version":"1689774796727"}}
{"logTime": "0727/155607", "correlationVector":"DKBLVIvJ91EFtz3OMlOb/i.145","action":"GetUpdates", "result":"DeleteReceived", "context":{"id":"c60d6cb3-bf65-4833-85af-6996b33e7ebd", "isDeleted:":"true", "version":"1689777009317"}}
{"logTime": "0727/155607", "correlationVector":"DKBLVIvJ91EFtz3OMlOb/i.146","action":"GetUpdates", "result":"DeleteReceived", "context":{"id":"55e4f6bf-cbe5-4c7e-938b-36c9015b8f4c", "isDeleted:":"true", "version":"1689778791770"}}
{"logTime": "0727/155607", "correlationVector":"DKBLVIvJ91EFtz3OMlOb/i.147","action":"GetUpdates", "result":"DeleteReceived", "context":{"id":"5e84d77d-0d99-4d2d-bc0f-4dbd68c0dbdd", "isDeleted:":"true", "version":"1689778791771"}}
{"logTime": "0727/155607", "correlationVector":"DKBLVIvJ91EFtz3OMlOb/i.148","action":"GetUpdates", "result":"DeleteReceived", "context":{"id":"1df10ae6-f991-4bca-8101-834def257311", "isDeleted:":"true", "version":"1689778826586"}}
{"logTime": "0727/155607", "correlationVector":"DKBLVIvJ91EFtz3OMlOb/i.149","action":"GetUpdates", "result":"DeleteReceived", "context":{"id":"273dfdc1-2307-4d99-8d57-5d7f214be8d7", "isDeleted:":"true", "version":"1689793154545"}}
{"logTime": "0727/155607", "correlationVector":"DKBLVIvJ91EFtz3OMlOb/i.150","action":"GetUpdates", "result":"DeleteReceived", "context":{"id":"ee81e37b-b9d8-4b33-afd3-18d610824462", "isDeleted:":"true", "version":"1689793768568"}}
{"logTime": "0727/155607", "correlationVector":"DKBLVIvJ91EFtz3OMlOb/i.151","action":"GetUpdates", "result":"DeleteReceived", "context":{"id":"8391f256-4266-40df-8b4e-52c8ac977baf", "isDeleted:":"true", "version":"1689795040377"}}
{"logTime": "0727/155607", "correlationVector":"DKBLVIvJ91EFtz3OMlOb/i.152","action":"GetUpdates", "result":"DeleteReceived", "context":{"id":"9d1e1f1f-01a9-48af-8a6e-f64f9af61ac4", "isDeleted:":"true", "version":"1689796237597"}}
{"logTime": "0727/155607", "correlationVector":"DKBLVIvJ91EFtz3OMlOb/i.153","action":"GetUpdates", "result":"DeleteReceived", "context":{"id":"f3a1420e-bc78-4166-bdf3-daa324c02ba7", "isDeleted:":"true", "version":"1689834950453"}}
{"logTime": "0727/155607", "correlationVector":"DKBLVIvJ91EFtz3OMlOb/i.154","action":"GetUpdates", "result":"DeleteReceived", "context":{"id":"842d589c-46fd-4af4-b3ad-c4679b345814", "isDeleted:":"true", "version":"1689834950454"}}
{"logTime": "0727/155607", "correlationVector":"DKBLVIvJ91EFtz3OMlOb/i.155","action":"GetUpdates", "result":"DeleteReceived", "context":{"id":"f516cb4b-7ae5-41d2-b15a-6f2ef2f9fc33", "isDeleted:":"true", "version":"1689834950455"}}
{"logTime": "0727/155607", "correlationVector":"DKBLVIvJ91EFtz3OMlOb/i.156","action":"GetUpdates", "result":"DeleteReceived", "context":{"id":"254d1522-4cc8-4e31-b799-6b12fed22374", "isDeleted:":"true", "version":"1689834950456"}}
{"logTime": "0727/155607", "correlationVector":"DKBLVIvJ91EFtz3OMlOb/i.157","action":"GetUpdates", "result":"DeleteReceived", "context":{"id":"8a1ef820-758b-4258-8497-fca5c146dc57", "isDeleted:":"true", "version":"1689835258164"}}
{"logTime": "0727/155607", "correlationVector":"DKBLVIvJ91EFtz3OMlOb/i.158","action":"GetUpdates", "result":"DeleteReceived", "context":{"id":"13a8c246-d525-49f2-a398-278a1691494a", "isDeleted:":"true", "version":"1689836604632"}}
{"logTime": "0727/155607", "correlationVector":"DKBLVIvJ91EFtz3OMlOb/i.159","action":"GetUpdates", "result":"DeleteReceived", "context":{"id":"0b59dc27-fcb1-4aa5-96f3-d015c4590282", "isDeleted:":"true", "version":"1689836604633"}}
{"logTime": "0727/155607", "correlationVector":"DKBLVIvJ91EFtz3OMlOb/i.160","action":"GetUpdates", "result":"DeleteReceived", "context":{"id":"19a1ed2c-0697-4fe5-a756-1b8782061e5a", "isDeleted:":"true", "version":"1689836731625"}}
{"logTime": "0727/155607", "correlationVector":"DKBLVIvJ91EFtz3OMlOb/i.161","action":"GetUpdates", "result":"DeleteReceived", "context":{"id":"82e04a49-c153-49e5-83eb-c137fa41a27b", "isDeleted:":"true", "version":"1689837462638"}}
{"logTime": "0727/155607", "correlationVector":"DKBLVIvJ91EFtz3OMlOb/i.162","action":"GetUpdates", "result":"DeleteReceived", "context":{"id":"2b05c365-2970-44fe-a53b-084523923075", "isDeleted:":"true", "version":"1689840486072"}}
{"logTime": "0727/155607", "correlationVector":"DKBLVIvJ91EFtz3OMlOb/i.163","action":"GetUpdates", "result":"DeleteReceived", "context":{"id":"83a66828-742b-4edd-813c-da03b6cc50ae", "isDeleted:":"true", "version":"1689840486074"}}
{"logTime": "0727/155607", "correlationVector":"DKBLVIvJ91EFtz3OMlOb/i.164","action":"GetUpdates", "result":"DeleteReceived", "context":{"id":"2a93d173-6929-4da0-99f7-1d0ba150668c", "isDeleted:":"true", "version":"1689841054552"}}
{"logTime": "0727/155607", "correlationVector":"DKBLVIvJ91EFtz3OMlOb/i.165","action":"GetUpdates", "result":"DeleteReceived", "context":{"id":"f8f800dc-2327-418d-863b-72c576ef1459", "isDeleted:":"true", "version":"1689873590069"}}
{"logTime": "0727/155607", "correlationVector":"DKBLVIvJ91EFtz3OMlOb/i.166","action":"GetUpdates", "result":"DeleteReceived", "context":{"id":"45411a5b-250e-4617-a929-bc6d35f0ab6d", "isDeleted:":"true", "version":"1689873590070"}}
{"logTime": "0727/155607", "correlationVector":"DKBLVIvJ91EFtz3OMlOb/i.167","action":"GetUpdates", "result":"DeleteReceived", "context":{"id":"01fd7253-73d8-4ff6-a9ce-457fcc174511", "isDeleted:":"true", "version":"1689873590071"}}
{"logTime": "0727/155607", "correlationVector":"DKBLVIvJ91EFtz3OMlOb/i.168","action":"GetUpdates", "result":"DeleteReceived", "context":{"id":"31fda4c9-6ee2-438d-b244-6e098fa9a3c3", "isDeleted:":"true", "version":"1690005865742"}}
{"logTime": "0727/155607", "correlationVector":"DKBLVIvJ91EFtz3OMlOb/i.169","action":"GetUpdates", "result":"DeleteReceived", "context":{"id":"43d3f83c-1cef-470d-b5b9-fbfa388fc181", "isDeleted:":"true", "version":"1690009592652"}}
{"logTime": "0727/155607", "correlationVector":"DKBLVIvJ91EFtz3OMlOb/i.170","action":"GetUpdates", "result":"DeleteReceived", "context":{"id":"3eb34df2-6d39-40d8-87e0-f0f3b055a18c", "isDeleted:":"true", "version":"1690026885644"}}
{"logTime": "0727/155607", "correlationVector":"DKBLVIvJ91EFtz3OMlOb/i.171","action":"GetUpdates", "result":"DeleteReceived", "context":{"id":"7f770ff1-311b-415d-b875-d3b03eb5700e", "isDeleted:":"true", "version":"1690027993275"}}
{"logTime": "0727/155607", "correlationVector":"DKBLVIvJ91EFtz3OMlOb/i.172","action":"GetUpdates", "result":"DeleteReceived", "context":{"id":"f0e542e6-6034-4056-8093-db0195abab13", "isDeleted:":"true", "version":"1690090407632"}}
{"logTime": "0727/155607", "correlationVector":"DKBLVIvJ91EFtz3OMlOb/i.173","action":"GetUpdates", "result":"DeleteReceived", "context":{"id":"8c705cf2-1790-4b2f-b0fc-f44cb67b9328", "isDeleted:":"true", "version":"1690090407634"}}
{"logTime": "0727/155607", "correlationVector":"DKBLVIvJ91EFtz3OMlOb/i.174","action":"GetUpdates", "result":"DeleteReceived", "context":{"id":"f41f288c-f108-4e1f-96d8-eb75e6216f09", "isDeleted:":"true", "version":"1690090407635"}}
{"logTime": "0727/155607", "correlationVector":"DKBLVIvJ91EFtz3OMlOb/i.175","action":"GetUpdates", "result":"DeleteReceived", "context":{"id":"2e7122f1-ed8b-49bf-ab65-72899841394c", "isDeleted:":"true", "version":"1690090407636"}}
{"logTime": "0727/155607", "correlationVector":"DKBLVIvJ91EFtz3OMlOb/i.176","action":"GetUpdates", "result":"DeleteReceived", "context":{"id":"ac76e68b-3bec-408f-ba47-8d139444e5bd", "isDeleted:":"true", "version":"1690090407637"}}
{"logTime": "0727/155607", "correlationVector":"DKBLVIvJ91EFtz3OMlOb/i.177","action":"GetUpdates", "result":"DeleteReceived", "context":{"id":"e2f68f37-8020-4da6-8311-91a92271cdc7", "isDeleted:":"true", "version":"1690197330636"}}
{"logTime": "0727/155607", "correlationVector":"DKBLVIvJ91EFtz3OMlOb/i.178","action":"GetUpdates", "result":"DeleteReceived", "context":{"id":"21c69568-82a6-4d3c-aeca-9e1d06b3ed3b", "isDeleted:":"true", "version":"1690197330637"}}
{"logTime": "0727/155607", "correlationVector":"DKBLVIvJ91EFtz3OMlOb/i.179","action":"GetUpdates", "result":"DeleteReceived", "context":{"id":"f9404fde-716d-40f7-8c55-c78102e6ae9e", "isDeleted:":"true", "version":"1690199830861"}}
{"logTime": "0727/155607", "correlationVector":"DKBLVIvJ91EFtz3OMlOb/i.180","action":"GetUpdates", "result":"DeleteReceived", "context":{"id":"890d91b3-67cc-46ea-9483-b576110ebeb4", "isDeleted:":"true", "version":"1690220768999"}}
{"logTime": "0727/155607", "correlationVector":"DKBLVIvJ91EFtz3OMlOb/i.181","action":"GetUpdates", "result":"DeleteReceived", "context":{"id":"0e7366b9-cdfa-45a4-8b13-9b09be3518b7", "isDeleted:":"true", "version":"1690220769002"}}
{"logTime": "0727/155607", "correlationVector":"DKBLVIvJ91EFtz3OMlOb/i.182","action":"GetUpdates", "result":"DeleteReceived", "context":{"id":"8d2ce6e5-134d-4624-949a-d2857d8933fb", "isDeleted:":"true", "version":"1690220922922"}}
{"logTime": "0727/155607", "correlationVector":"DKBLVIvJ91EFtz3OMlOb/i.183","action":"GetUpdates", "result":"DeleteReceived", "context":{"id":"671c1a60-9125-491f-9cb9-3302ffc3dc17", "isDeleted:":"true", "version":"1690220954075"}}
{"logTime": "0727/155607", "correlationVector":"DKBLVIvJ91EFtz3OMlOb/i.184","action":"GetUpdates", "result":"DeleteReceived", "context":{"id":"8e2ff8ce-13ec-4759-ab92-8c4650068008", "isDeleted:":"true", "version":"1690220954077"}}
{"logTime": "0727/155607", "correlationVector":"DKBLVIvJ91EFtz3OMlOb/i.185","action":"GetUpdates", "result":"DeleteReceived", "context":{"id":"fa7df912-e77f-4729-9054-d02bba2ce276", "isDeleted:":"true", "version":"1690221023546"}}
{"logTime": "0727/155607", "correlationVector":"DKBLVIvJ91EFtz3OMlOb/i.186","action":"GetUpdates", "result":"DeleteReceived", "context":{"id":"5a7a72e3-7824-49b2-83ef-e5a90583930c", "isDeleted:":"true", "version":"1690222609428"}}
{"logTime": "0727/155607", "correlationVector":"DKBLVIvJ91EFtz3OMlOb/i.187","action":"GetUpdates", "result":"DeleteReceived", "context":{"id":"8f1c308d-1651-42c8-a19f-289f4035095d", "isDeleted:":"true", "version":"1690267036486"}}
{"logTime": "0727/155607", "correlationVector":"DKBLVIvJ91EFtz3OMlOb/i.188","action":"GetUpdates", "result":"DeleteReceived", "context":{"id":"6dbc92e9-acfc-4196-acfd-fbd8d5d7fd16", "isDeleted:":"true", "version":"1690270508414"}}
{"logTime": "0727/155607", "correlationVector":"DKBLVIvJ91EFtz3OMlOb/i.189","action":"GetUpdates", "result":"DeleteReceived", "context":{"id":"dd8068c5-a5a3-43d2-8ce7-4a31863306ce", "isDeleted:":"true", "version":"1690270793936"}}
{"logTime": "0727/155607", "correlationVector":"DKBLVIvJ91EFtz3OMlOb/i.190","action":"GetUpdates", "result":"DeleteReceived", "context":{"id":"e77be230-a6bd-4888-9bbf-a29f481a60c7", "isDeleted:":"true", "version":"1690270859056"}}
{"logTime": "0727/155607", "correlationVector":"DKBLVIvJ91EFtz3OMlOb/i.191","action":"GetUpdates", "result":"DeleteReceived", "context":{"id":"63f38910-4b46-4ccc-97bf-f4103f9a9e44", "isDeleted:":"true", "version":"1690271049803"}}
{"logTime": "0727/155607", "correlationVector":"DKBLVIvJ91EFtz3OMlOb/i.192","action":"GetUpdates", "result":"DeleteReceived", "context":{"id":"2c301795-c5d6-46e3-ba59-54c635708054", "isDeleted:":"true", "version":"1690271165735"}}
{"logTime": "0727/155607", "correlationVector":"DKBLVIvJ91EFtz3OMlOb/i.193","action":"GetUpdates", "result":"DeleteReceived", "context":{"id":"fa74f34a-2f5d-4b7a-b117-26624f2d0623", "isDeleted:":"true", "version":"1690271240789"}}
{"logTime": "0727/155607", "correlationVector":"DKBLVIvJ91EFtz3OMlOb/i.194","action":"GetUpdates", "result":"DeleteReceived", "context":{"id":"756bed85-73f2-482a-95fe-25da25bb84f1", "isDeleted:":"true", "version":"1690271410382"}}
{"logTime": "0727/155607", "correlationVector":"DKBLVIvJ91EFtz3OMlOb/i.195","action":"GetUpdates", "result":"DeleteReceived", "context":{"id":"c20ae9a3-0422-46b7-9d8a-b0ef156c1b92", "isDeleted:":"true", "version":"1690272306998"}}
{"logTime": "0727/155607", "correlationVector":"DKBLVIvJ91EFtz3OMlOb/i.196","action":"GetUpdates", "result":"DeleteReceived", "context":{"id":"21f7ca39-800b-4fc7-a1f1-aa9031fae1b1", "isDeleted:":"true", "version":"1690272777691"}}
{"logTime": "0727/155607", "correlationVector":"DKBLVIvJ91EFtz3OMlOb/i.197","action":"GetUpdates", "result":"DeleteReceived", "context":{"id":"db909d03-7d98-4d0f-8bec-60ccf6c85539", "isDeleted:":"true", "version":"1690274400976"}}
{"logTime": "0727/155607", "correlationVector":"DKBLVIvJ91EFtz3OMlOb/i.198","action":"GetUpdates", "result":"DeleteReceived", "context":{"id":"0e259b91-14b1-4b8b-b404-2e615bc18613", "isDeleted:":"true", "version":"1690274442672"}}
{"logTime": "0727/155607", "correlationVector":"DKBLVIvJ91EFtz3OMlOb/i.199","action":"GetUpdates", "result":"DeleteReceived", "context":{"id":"52e4e306-8afd-4982-bfa7-247b51ea3892", "isDeleted:":"true", "version":"1690290451709"}}
{"logTime": "0727/155607", "correlationVector":"DKBLVIvJ91EFtz3OMlOb/i.200","action":"GetUpdates", "result":"DeleteReceived", "context":{"id":"b0da39c6-ac66-4140-95d9-aa8605f4310f", "isDeleted:":"true", "version":"1690292715849"}}
{"logTime": "0727/155607", "correlationVector":"DKBLVIvJ91EFtz3OMlOb/i.201","action":"GetUpdates", "result":"DeleteReceived", "context":{"id":"2029b884-66d2-4118-94f7-71f43523154f", "isDeleted:":"true", "version":"1690292715851"}}
{"logTime": "0727/155607", "correlationVector":"DKBLVIvJ91EFtz3OMlOb/i.202","action":"GetUpdates", "result":"DeleteReceived", "context":{"id":"a6ddc6b3-91d2-4dfd-b2ef-b6d75cd12f4e", "isDeleted:":"true", "version":"1690295406249"}}
{"logTime": "0727/155607", "correlationVector":"DKBLVIvJ91EFtz3OMlOb/i.203","action":"GetUpdates", "result":"DeleteReceived", "context":{"id":"db2314fa-1dd5-4e72-91bc-bdf6dbf3c627", "isDeleted:":"true", "version":"1690307211622"}}
{"logTime": "0727/155607", "correlationVector":"DKBLVIvJ91EFtz3OMlOb/i.204","action":"GetUpdates", "result":"DeleteReceived", "context":{"id":"0a76b13d-e639-448b-944e-4722e945f583", "isDeleted:":"true", "version":"1690350745150"}}
{"logTime": "0727/155607", "correlationVector":"DKBLVIvJ91EFtz3OMlOb/i.205","action":"GetUpdates", "result":"DeleteReceived", "context":{"id":"66f4fed0-aa4b-4909-8c5e-fc873c5a978f", "isDeleted:":"true", "version":"1690397300148"}}
{"logTime": "0727/155607", "correlationVector":"DKBLVIvJ91EFtz3OMlOb/i.206","action":"GetUpdates", "result":"DeleteReceived", "context":{"id":"3b19962b-a3dc-4f31-87f0-d3a46825b064", "isDeleted:":"true", "version":"1690397300149"}}
{"logTime": "0727/155607", "correlationVector":"DKBLVIvJ91EFtz3OMlOb/i.207","action":"GetUpdates", "result":"DeleteReceived", "context":{"id":"8e22d279-bcda-45f0-89ba-3f091d5154d9", "isDeleted:":"true", "version":"1690397300151"}}
{"logTime": "0727/155607", "correlationVector":"DKBLVIvJ91EFtz3OMlOb/i.208","action":"GetUpdates", "result":"DeleteReceived", "context":{"id":"3970131c-8033-45ff-b9aa-9429c0fff055", "isDeleted:":"true", "version":"1690397300152"}}
{"logTime": "0727/155607", "correlationVector":"DKBLVIvJ91EFtz3OMlOb/i.209","action":"GetUpdates", "result":"DeleteReceived", "context":{"id":"f5f4d47d-7e5e-4149-a2ff-0d18685d7d25", "isDeleted:":"true", "version":"1690397300153"}}
{"logTime": "0727/155607", "correlationVector":"DKBLVIvJ91EFtz3OMlOb/i.210","action":"GetUpdates", "result":"DeleteReceived", "context":{"id":"a0f1e4ab-821a-409f-b4de-1ddfae5ddc5c", "isDeleted:":"true", "version":"1690397300154"}}
{"logTime": "0727/155607", "correlationVector":"DKBLVIvJ91EFtz3OMlOb/i.211","action":"GetUpdates", "result":"DeleteReceived", "context":{"id":"17e9a92f-aa7b-4ea5-90c4-40687d53ddeb", "isDeleted:":"true", "version":"1690397300155"}}
{"logTime": "0727/155607", "correlationVector":"DKBLVIvJ91EFtz3OMlOb/i.212","action":"GetUpdates", "result":"DeleteReceived", "context":{"id":"652d6dda-b8fd-47fb-83bd-9d86d4deba97", "isDeleted:":"true", "version":"1690397657733"}}
{"logTime": "0727/155607", "correlationVector":"DKBLVIvJ91EFtz3OMlOb/i.213","action":"GetUpdates", "result":"DeleteReceived", "context":{"id":"3bd00908-7867-4589-83ed-faebea8df579", "isDeleted:":"true", "version":"1690397657735"}}
{"logTime": "0727/155607", "correlationVector":"DKBLVIvJ91EFtz3OMlOb/i.214","action":"GetUpdates", "result":"DeleteReceived", "context":{"id":"6bf5f0d9-3f70-4141-a09d-d095eefa326e", "isDeleted:":"true", "version":"1690399003286"}}
{"logTime": "0727/155607", "correlationVector":"DKBLVIvJ91EFtz3OMlOb/i.215","action":"GetUpdates", "result":"DeleteReceived", "context":{"id":"da0f6ad3-43bb-40cd-a7f9-259c5942d9e9", "isDeleted:":"true", "version":"1690399335518"}}
{"logTime": "0727/155607", "correlationVector":"DKBLVIvJ91EFtz3OMlOb/i.216","action":"GetUpdates", "result":"DeleteReceived", "context":{"id":"6beea8b5-8e74-4882-aa77-16584bf32ce1", "isDeleted:":"true", "version":"1690399335520"}}
{"logTime": "0727/155607", "correlationVector":"DKBLVIvJ91EFtz3OMlOb/i.217","action":"GetUpdates", "result":"DeleteReceived", "context":{"id":"76300948-6c9a-476c-857b-9690cbf020e5", "isDeleted:":"true", "version":"1690443731836"}}
{"logTime": "0727/155607", "correlationVector":"DKBLVIvJ91EFtz3OMlOb/i.218","action":"GetUpdates", "result":"DeleteReceived", "context":{"id":"b609a52f-703f-45fd-83b3-08c459375da2", "isDeleted:":"true", "version":"1690443731837"}}
{"logTime": "0727/155607", "correlationVector":"DKBLVIvJ91EFtz3OMlOb/i.219","action":"GetUpdates", "result":"DeleteReceived", "context":{"id":"a044371f-456f-4d50-9656-a996e6222646", "isDeleted:":"true", "version":"1690444989897"}}
{"logTime": "0727/155607", "correlationVector":"DKBLVIvJ91EFtz3OMlOb/i.220","action":"GetUpdates", "result":"DeleteReceived", "context":{"id":"3ac5a556-c21b-43c3-9b19-2fdf53d38c92", "isDeleted:":"true", "version":"1690444989899"}}
{"logTime": "0727/155607", "correlationVector":"DKBLVIvJ91EFtz3OMlOb/i.221","action":"GetUpdates", "result":"DeleteReceived", "context":{"id":"2f00c9ac-9d4e-4b01-b860-ae3fbd0b6d28", "isDeleted:":"true", "version":"1690444989900"}}
{"logTime": "0727/155607", "correlationVector":"DKBLVIvJ91EFtz3OMlOb/i.222","action":"GetUpdates", "result":"DeleteReceived", "context":{"id":"a76496f8-e128-41d4-a283-327ee2a3140e", "isDeleted:":"true", "version":"1690444989901"}}
{"logTime": "0727/155607", "correlationVector":"DKBLVIvJ91EFtz3OMlOb/i.223","action":"GetUpdates", "result":"DeleteReceived", "context":{"id":"4055290c-b6f4-47c0-bf71-90d5d1f7eeb5", "isDeleted:":"true", "version":"1690445141480"}}
{"logTime": "0727/155607", "correlationVector":"DKBLVIvJ91EFtz3OMlOb/i.224","action":"GetUpdates", "result":"DeleteReceived", "context":{"id":"eb5e2ef0-77d9-4e77-bdc9-f2041b077a36", "isDeleted:":"true", "version":"1690445302325"}}
{"logTime": "0727/155607", "correlationVector":"DKBLVIvJ91EFtz3OMlOb/i.225","action":"GetUpdates", "result":"DeleteReceived", "context":{"id":"e165bae4-6711-4ee0-84b7-fde61824cd73", "isDeleted:":"true", "version":"1690445660352"}}
{"logTime": "0727/155607", "correlationVector":"DKBLVIvJ91EFtz3OMlOb/i.226","action":"GetUpdates", "result":"DeleteReceived", "context":{"id":"ac9e05d8-03eb-44cb-bb11-db12efafcff7", "isDeleted:":"true", "version":"1690446693200"}}
{"logTime": "0727/155607", "correlationVector":"DKBLVIvJ91EFtz3OMlOb/i.227","action":"GetUpdates", "result":"DeleteReceived", "context":{"id":"e05749a0-86ae-4caf-8832-89667e525188", "isDeleted:":"true", "version":"1690446786166"}}
{"logTime": "0727/155607", "correlationVector":"DKBLVIvJ91EFtz3OMlOb/i.228","action":"GetUpdates", "result":"DeleteReceived", "context":{"id":"baaac9c8-c933-486b-b89a-411537322f6d", "isDeleted:":"true", "version":"1690447030382"}}
{"logTime": "0727/155607", "correlationVector":"DKBLVIvJ91EFtz3OMlOb/i.229","action":"GetUpdates", "result":"DeleteReceived", "context":{"id":"3c81e3fa-8ac9-42ea-8121-1e5ec90cdf7f", "isDeleted:":"true", "version":"1690447850724"}}
{"logTime": "0727/155607", "correlationVector":"DKBLVIvJ91EFtz3OMlOb/i.230","action":"GetUpdates", "result":"DeleteReceived", "context":{"id":"da2a7f82-a630-451d-8f91-d56405c6a95a", "isDeleted:":"true", "version":"1690447850725"}}
{"logTime": "0727/155607", "correlationVector":"DKBLVIvJ91EFtz3OMlOb/i.231","action":"GetUpdates", "result":"DeleteReceived", "context":{"id":"76aaacec-5af5-4ff8-8680-b9a23cf0330e", "isDeleted:":"true", "version":"1690447850726"}}
{"logTime": "0727/155607", "correlationVector":"DKBLVIvJ91EFtz3OMlOb/i.232","action":"GetUpdates", "result":"DeleteReceived", "context":{"id":"5e04956c-a14f-4cfe-b99a-a06c2acddca6", "isDeleted:":"true", "version":"1690448098503"}}
{"logTime": "0727/155607", "correlationVector":"DKBLVIvJ91EFtz3OMlOb/i.233","action":"GetUpdates", "result":"DeleteReceived", "context":{"id":"2f31b4f6-7a93-4213-af70-c09f41585dc6", "isDeleted:":"true", "version":"1690448098505"}}
{"logTime": "0727/155607", "correlationVector":"DKBLVIvJ91EFtz3OMlOb/i.234","action":"GetUpdates", "result":"DeleteReceived", "context":{"id":"f32d8268-af6a-40a9-a9b7-43f605ea341f", "isDeleted:":"true", "version":"1690448548915"}}
{"logTime": "0727/155607", "correlationVector":"DKBLVIvJ91EFtz3OMlOb/i.235","action":"GetUpdates", "result":"DeleteReceived", "context":{"id":"878726e3-4bff-4609-9f38-142f72d01782", "isDeleted:":"true", "version":"1690448548917"}}
{"logTime": "0727/155607", "correlationVector":"DKBLVIvJ91EFtz3OMlOb/i.236","action":"GetUpdates", "result":"DeleteReceived", "context":{"id":"c74005ef-06ae-4a6c-8746-03f8d9c57b76", "isDeleted:":"true", "version":"1690448548918"}}
{"logTime": "0727/155607", "correlationVector":"DKBLVIvJ91EFtz3OMlOb/i.237","action":"GetUpdates", "result":"DeleteReceived", "context":{"id":"9bfe4047-ae6b-48ff-9fcd-92667f4e0d81", "isDeleted:":"true", "version":"1690448548919"}}
{"logTime": "0727/155607", "correlationVector":"DKBLVIvJ91EFtz3OMlOb/i.238","action":"GetUpdates", "result":"DeleteReceived", "context":{"id":"e339aafd-93a5-45a3-94ef-edaa89767e76", "isDeleted:":"true", "version":"1690448548920"}}
{"logTime": "0727/155607", "correlationVector":"DKBLVIvJ91EFtz3OMlOb/i.239","action":"GetUpdates", "result":"DeleteReceived", "context":{"id":"d180dd23-ef04-463f-8bbb-a8ca002ae7c3", "isDeleted:":"true", "version":"1690466806400"}}
{"logTime": "0727/155607", "correlationVector":"DKBLVIvJ91EFtz3OMlOb/i.240","action":"GetUpdates", "result":"DeleteReceived", "context":{"id":"6033f25a-3342-46b0-ac61-f9ed16b9c6c4", "isDeleted:":"true", "version":"1690466806401"}}
{"logTime": "0727/155607", "correlationVector":"DKBLVIvJ91EFtz3OMlOb/i.241","action":"GetUpdates", "result":"DeleteReceived", "context":{"id":"91195d39-d44e-43dd-9484-d61fb77b9008", "isDeleted:":"true", "version":"1690466806402"}}
{"logTime": "0727/155607", "correlationVector":"DKBLVIvJ91EFtz3OMlOb/i.242","action":"GetUpdates", "result":"DeleteReceived", "context":{"id":"0947dc88-e009-454e-87c8-96ef90786077", "isDeleted:":"true", "version":"1690466806403"}}
{"logTime": "0727/155607", "correlationVector":"DKBLVIvJ91EFtz3OMlOb/i.243","action":"GetUpdates Response", "result":"SERVER_MORE_TO_DOWNLOAD", "context":Received 250 update(s).  Some updates remain.}
{"logTime": "0727/155607", "correlationVector":"AD9pS0mC16iwsNhZbxWCj+","action":"Initial GetUpdates", "result":"", "context":Reason: RECONFIGURATION. cV=AD9pS0mC16iwsNhZbxWCj+}
{"logTime": "0727/155607", "correlationVector":"AD9pS0mC16iwsNhZbxWCj+.1","action":"SyncServerConnectionManagerRequest", "result":"SYNC_SERVER_OK", "context":{"environment":"Prod_SoutheastAsia_000j", "migrationStage":"NotStarted", "server":"GENERAL0100000T"}}
{"logTime": "0727/155607", "correlationVector":"AD9pS0mC16iwsNhZbxWCj+.2","action":"GetUpdates", "result":"DeleteReceived", "context":{"id":"3ae51a4d-7df5-4129-8e96-8ca948ca73f3", "isDeleted:":"true", "version":"1690467780536"}}
{"logTime": "0727/155607", "correlationVector":"AD9pS0mC16iwsNhZbxWCj+.3","action":"GetUpdates", "result":"DeleteReceived", "context":{"id":"d557972d-0035-484e-ae8a-3690d36786a1", "isDeleted:":"true", "version":"1690468384084"}}
{"logTime": "0727/155607", "correlationVector":"AD9pS0mC16iwsNhZbxWCj+.4","action":"GetUpdates Response", "result":"SYNCER_OK", "context":Received 5 update(s). cV=AD9pS0mC16iwsNhZbxWCj+.0;server=GENERAL0100000T;cloudType=Consumer;environment=Prod_SoutheastAsia_000j;migrationStage=NotStarted}
{"logTime": "0727/155607", "correlationVector":"eq0d/ZXihGnWWUJy0O/dgJ","action":"Normal GetUpdate request", "result":"", "context":cV=eq0d/ZXihGnWWUJy0O/dgJ
Nudged types: Sessions, Device Info
Refresh requested types: Bookmarks, Preferences, Passwords, Autofill Profiles, Autofill, Autofill Custom Data, Typed URLs, Extensions, Sessions, Extension settings, History Delete Directives, Device Info, User Consents, Send Tab To Self, Web Apps, Collection, Edge E Drop, Encryption Keys}
{"logTime": "0727/155607", "correlationVector":"eq0d/ZXihGnWWUJy0O/dgJ.1","action":"SyncServerConnectionManagerRequest", "result":"SYNC_SERVER_OK", "context":{"environment":"Prod_SoutheastAsia_000j", "migrationStage":"NotStarted", "server":"GENERAL0100000N"}}
{"logTime": "0727/155607", "correlationVector":"eq0d/ZXihGnWWUJy0O/dgJ.2","action":"GetUpdates Response", "result":"SYNCER_OK", "context":Received 0 update(s). cV=eq0d/ZXihGnWWUJy0O/dgJ.0;server=GENERAL0100000N;cloudType=Consumer;environment=Prod_SoutheastAsia_000j;migrationStage=NotStarted}
{"logTime": "0727/155607", "correlationVector":"4tzh6FhQOrjUL6RSa00iDu","action":"Commit Request", "result":"", "context":Item count: 1
Contributing types: Device Info}
{"logTime": "0727/155607", "correlationVector":"4tzh6FhQOrjUL6RSa00iDu.1","action":"SyncServerConnectionManagerRequest", "result":"SYNC_SERVER_OK", "context":{"environment":"Prod_SoutheastAsia_000j", "migrationStage":"NotStarted", "server":"GENERAL0100001D"}}
{"logTime": "0727/155607", "correlationVector":"4tzh6FhQOrjUL6RSa00iDu.2","action":"Commit Response", "result":"SYNCER_OK", "context":Result: SYNCER_OK. cV=4tzh6FhQOrjUL6RSa00iDu.0;server=GENERAL0100001D;cloudType=Consumer;environment=Prod_SoutheastAsia_000j;migrationStage=NotStarted}
{"logTime": "0727/155607", "correlationVector":"FfD62feYFRhOi3TLK/ir14","action":"Commit Request", "result":"", "context":Item count: 2
Contributing types: Sessions}
{"logTime": "0727/155607", "correlationVector":"FfD62feYFRhOi3TLK/ir14.1","action":"SyncServerConnectionManagerRequest", "result":"SYNC_SERVER_OK", "context":{"environment":"Prod_SoutheastAsia_000j", "migrationStage":"NotStarted", "server":"GENERAL0100000R"}}
{"logTime": "0727/155607", "correlationVector":"FfD62feYFRhOi3TLK/ir14.2","action":"Commit Response", "result":"SYNCER_OK", "context":Result: SYNCER_OK. cV=FfD62feYFRhOi3TLK/ir14.0;server=GENERAL0100000R;cloudType=Consumer;environment=Prod_SoutheastAsia_000j;migrationStage=NotStarted}
{"logTime": "0727/164026", "correlationVector":"MidqmHmGgLVi6Be31WPg0a.0","action":"FeedSettingFetch_homeCloud", "result":"0", "context":{}}
{"logTime": "0727/164027", "correlationVector":"lSU6vIxRVRhbzFy2PKpCRa.1","action":"SyncServerConnectionManagerRequest", "result":"SYNC_SERVER_OK", "context":{"environment":"Prod_SoutheastAsia_000j", "migrationStage":"NotStarted", "server":"GENERAL0100000C"}}
{"logTime": "0727/164027", "correlationVector":"lSU6vIxRVRhbzFy2PKpCRa","action":"Initial GetUpdates", "result":"", "context":Reason: NEW_CLIENT. cV=lSU6vIxRVRhbzFy2PKpCRa}
{"logTime": "0727/164027", "correlationVector":"lSU6vIxRVRhbzFy2PKpCRa.2","action":"GetUpdates Response", "result":"SYNCER_OK", "context":Received 1 update(s). cV=lSU6vIxRVRhbzFy2PKpCRa.0;server=GENERAL0100000C;cloudType=Consumer;environment=Prod_SoutheastAsia_000j;migrationStage=NotStarted}
{"logTime": "0727/164027", "correlationVector":"91XFxOjjJPus00Xn6qZ/bw","action":"Initial GetUpdates", "result":"", "context":Reason: PROGRAMMATIC. cV=91XFxOjjJPus00Xn6qZ/bw}
{"logTime": "0727/164027", "correlationVector":"91XFxOjjJPus00Xn6qZ/bw.1","action":"SyncServerConnectionManagerRequest", "result":"SYNC_SERVER_OK", "context":{"environment":"Prod_SoutheastAsia_000j", "migrationStage":"NotStarted", "server":"general01000014"}}
{"logTime": "0727/164027", "correlationVector":"91XFxOjjJPus00Xn6qZ/bw.2","action":"GetUpdates", "result":"DeleteReceived", "context":{"id":"f6435cf1-928a-4ed3-b337-a43c4ea8848f", "isDeleted:":"true", "version":"1687954533762"}}
{"logTime": "0727/164027", "correlationVector":"91XFxOjjJPus00Xn6qZ/bw.3","action":"GetUpdates Response", "result":"SYNCER_OK", "context":Received 85 update(s). cV=91XFxOjjJPus00Xn6qZ/bw.0;server=general01000014;cloudType=Consumer;environment=Prod_SoutheastAsia_000j;migrationStage=NotStarted}
{"logTime": "0727/164027", "correlationVector":"Ao9B7UUnrLHNsJBw2RKL9h","action":"SyncServerConnectionManagerRequest", "result":"SYNC_SERVER_OK", "context":{"environment":"", "migrationStage":"", "server":""}}
{"logTime": "0727/164028", "correlationVector":"nnf5R+6Lo54MOw8Ff1+z7b","action":"Normal GetUpdate request", "result":"", "context":cV=nnf5R+6Lo54MOw8Ff1+z7b
Refresh requested types: Bookmarks, Passwords, Autofill Profiles, Autofill, Autofill Custom Data, Typed URLs, Encryption Keys}
{"logTime": "0727/164032", "correlationVector":"nnf5R+6Lo54MOw8Ff1+z7b.1","action":"SyncServerConnectionManagerRequest", "result":"SYNC_SERVER_OK", "context":{"environment":"Prod_SoutheastAsia_000j", "migrationStage":"NotStarted", "server":"GENERAL01000004"}}
{"logTime": "0727/164032", "correlationVector":"nnf5R+6Lo54MOw8Ff1+z7b.2","action":"GetUpdates Response", "result":"SYNCER_OK", "context":Received 0 update(s). cV=nnf5R+6Lo54MOw8Ff1+z7b.0;server=GENERAL01000004;cloudType=Consumer;environment=Prod_SoutheastAsia_000j;migrationStage=NotStarted}
{"logTime": "0727/164032", "correlationVector":"PpkvmvbgC0aoBXcO0NBpyo","action":"Normal GetUpdate request", "result":"", "context":cV=PpkvmvbgC0aoBXcO0NBpyo
Refresh requested types: Bookmarks, Passwords, Autofill Profiles, Autofill, Autofill Custom Data, Typed URLs, Encryption Keys}
{"logTime": "0727/164032", "correlationVector":"PpkvmvbgC0aoBXcO0NBpyo.1","action":"SyncServerConnectionManagerRequest", "result":"SYNC_SERVER_OK", "context":{"environment":"Prod_SoutheastAsia_000j", "migrationStage":"NotStarted", "server":"GENERAL0100001B"}}
{"logTime": "0727/164032", "correlationVector":"PpkvmvbgC0aoBXcO0NBpyo.2","action":"GetUpdates Response", "result":"SYNCER_OK", "context":Received 0 update(s). cV=PpkvmvbgC0aoBXcO0NBpyo.0;server=GENERAL0100001B;cloudType=Consumer;environment=Prod_SoutheastAsia_000j;migrationStage=NotStarted}
